2021-05-04 09:04:23,063 - [train_attntn.py:25-<module>()] - INFO - Start Initialization
2021-05-04 09:04:23,153 - [train_attntn.py:44-parepareDataset()] - INFO - Prepare dataset for training
2021-05-04 09:04:40,212 - [train_attntn.py:87-parepareDataset()] - INFO - Dataset Preparation Complete
2021-05-04 09:04:40,213 - [train_attntn.py:94-prepareLoader()] - INFO - Prepare dataloader for training
2021-05-04 09:04:40,213 - [train_attntn.py:106-prepareLoader()] - INFO - Dataloader Preparation Complete
2021-05-04 09:04:40,213 - [glove.py:22-embedding_matrix_creator()] - INFO - Preparing embedding matrix
2021-05-04 09:05:15,455 - [glove.py:32-embedding_matrix_creator()] - INFO - Finish embedding matrix preparation
2021-05-04 09:05:19,502 - [train_attntn.py:220-train()] - INFO - Start training
2021-05-04 09:15:43,608 - [train_attntn.py:141-train_step()] - INFO - Epoch [1/50]  train_loss: 4.0105 train_acc: 0.3269
2021-05-04 09:18:50,691 - [train_attntn.py:186-evaluate_model()] - INFO - val_loss: 2.6000 val_acc: 0.0000
2021-05-04 09:18:50,691 - [train_attntn.py:244-train()] - INFO - Epoch [1/50] train_bleu1: 0.5511 train_bleu2: 0.3326 train_bleu3: 0.1942 train_bleu4: 0.1120 train_meteor: 0.32975767245192705val_bleu1: 0.5505 val_bleu2: 0.3306 val_bleu3: 0.1935 val_bleu4: 0.1135 val_meteor: 0.3243904024760973
2021-05-04 09:28:59,430 - [train_attntn.py:141-train_step()] - INFO - Epoch [2/50]  train_loss: 3.3447 train_acc: 0.3869
2021-05-04 09:32:19,553 - [train_attntn.py:186-evaluate_model()] - INFO - val_loss: 2.6718 val_acc: 0.0000
2021-05-04 09:32:19,554 - [train_attntn.py:244-train()] - INFO - Epoch [2/50] train_bleu1: 0.3805 train_bleu2: 0.2311 train_bleu3: 0.1377 train_bleu4: 0.0804 train_meteor: 0.33825677605449284val_bleu1: 0.3847 val_bleu2: 0.2318 val_bleu3: 0.1362 val_bleu4: 0.0789 val_meteor: 0.32929124684330485
2021-05-04 09:41:47,506 - [train_attntn.py:141-train_step()] - INFO - Epoch [3/50]  train_loss: 3.1172 train_acc: 0.4078
2021-05-04 09:44:54,903 - [train_attntn.py:186-evaluate_model()] - INFO - val_loss: 2.6412 val_acc: 0.0000
2021-05-04 09:44:54,904 - [train_attntn.py:244-train()] - INFO - Epoch [3/50] train_bleu1: 0.4470 train_bleu2: 0.2825 train_bleu3: 0.1783 train_bleu4: 0.1103 train_meteor: 0.36289559432785806val_bleu1: 0.4555 val_bleu2: 0.2830 val_bleu3: 0.1766 val_bleu4: 0.1091 val_meteor: 0.35252487886682493
2021-05-04 09:55:02,966 - [train_attntn.py:141-train_step()] - INFO - Epoch [4/50]  train_loss: 2.9661 train_acc: 0.4209
2021-05-04 09:58:04,426 - [train_attntn.py:186-evaluate_model()] - INFO - val_loss: 2.6280 val_acc: 0.0000
2021-05-04 09:58:04,427 - [train_attntn.py:244-train()] - INFO - Epoch [4/50] train_bleu1: 0.4272 train_bleu2: 0.2733 train_bleu3: 0.1750 train_bleu4: 0.1116 train_meteor: 0.369661991102585val_bleu1: 0.4101 val_bleu2: 0.2526 val_bleu3: 0.1546 val_bleu4: 0.0918 val_meteor: 0.34352853508176734
2021-05-04 10:07:21,391 - [train_attntn.py:141-train_step()] - INFO - Epoch [5/50]  train_loss: 2.8491 train_acc: 0.4317
2021-05-04 10:10:21,619 - [train_attntn.py:186-evaluate_model()] - INFO - val_loss: 2.8456 val_acc: 0.0000
2021-05-04 10:10:21,620 - [train_attntn.py:244-train()] - INFO - Epoch [5/50] train_bleu1: 0.5251 train_bleu2: 0.3407 train_bleu3: 0.2223 train_bleu4: 0.1441 train_meteor: 0.38911255582277365val_bleu1: 0.5095 val_bleu2: 0.3234 val_bleu3: 0.2072 val_bleu4: 0.1300 val_meteor: 0.3681580548635323
2021-05-04 10:18:42,131 - [train_attntn.py:141-train_step()] - INFO - Epoch [6/50]  train_loss: 2.7574 train_acc: 0.4399
2021-05-04 10:21:48,804 - [train_attntn.py:186-evaluate_model()] - INFO - val_loss: 2.9840 val_acc: 0.0000
2021-05-04 10:21:48,805 - [train_attntn.py:244-train()] - INFO - Epoch [6/50] train_bleu1: 0.6222 train_bleu2: 0.4143 train_bleu3: 0.2753 train_bleu4: 0.1809 train_meteor: 0.4099866004016278val_bleu1: 0.6084 val_bleu2: 0.3946 val_bleu3: 0.2580 val_bleu4: 0.1679 val_meteor: 0.38640648832591856
2021-05-04 10:31:53,723 - [train_attntn.py:141-train_step()] - INFO - Epoch [7/50]  train_loss: 2.6740 train_acc: 0.4489
2021-05-04 10:35:16,218 - [train_attntn.py:186-evaluate_model()] - INFO - val_loss: 2.9098 val_acc: 0.0000
2021-05-04 10:35:16,233 - [train_attntn.py:244-train()] - INFO - Epoch [7/50] train_bleu1: 0.6162 train_bleu2: 0.4195 train_bleu3: 0.2840 train_bleu4: 0.1903 train_meteor: 0.42183078522642453val_bleu1: 0.5910 val_bleu2: 0.3857 val_bleu3: 0.2504 val_bleu4: 0.1582 val_meteor: 0.38984757434299155
2021-05-04 10:45:48,441 - [train_attntn.py:141-train_step()] - INFO - Epoch [8/50]  train_loss: 2.6065 train_acc: 0.4549
2021-05-04 10:48:43,966 - [train_attntn.py:186-evaluate_model()] - INFO - val_loss: 3.1458 val_acc: 0.0000
2021-05-04 10:48:43,967 - [train_attntn.py:244-train()] - INFO - Epoch [8/50] train_bleu1: 0.6341 train_bleu2: 0.4328 train_bleu3: 0.2955 train_bleu4: 0.1997 train_meteor: 0.41414792538574446val_bleu1: 0.6121 val_bleu2: 0.3995 val_bleu3: 0.2641 val_bleu4: 0.1721 val_meteor: 0.37998087952408666
2021-05-04 10:58:09,391 - [train_attntn.py:141-train_step()] - INFO - Epoch [9/50]  train_loss: 2.5429 train_acc: 0.4628
2021-05-04 11:01:03,173 - [train_attntn.py:186-evaluate_model()] - INFO - val_loss: 3.2944 val_acc: 0.0000
2021-05-04 11:01:03,173 - [train_attntn.py:244-train()] - INFO - Epoch [9/50] train_bleu1: 0.6589 train_bleu2: 0.4557 train_bleu3: 0.3140 train_bleu4: 0.2136 train_meteor: 0.41920527759534226val_bleu1: 0.6333 val_bleu2: 0.4169 val_bleu3: 0.2754 val_bleu4: 0.1775 val_meteor: 0.38649030711007154
2021-05-04 11:10:19,626 - [train_attntn.py:141-train_step()] - INFO - Epoch [10/50]  train_loss: 2.4882 train_acc: 0.4687
2021-05-04 11:13:03,311 - [train_attntn.py:186-evaluate_model()] - INFO - val_loss: 3.3219 val_acc: 0.0000
2021-05-04 11:13:03,313 - [train_attntn.py:244-train()] - INFO - Epoch [10/50] train_bleu1: 0.6507 train_bleu2: 0.4504 train_bleu3: 0.3111 train_bleu4: 0.2131 train_meteor: 0.433384695146129val_bleu1: 0.6245 val_bleu2: 0.4101 val_bleu3: 0.2697 val_bleu4: 0.1736 val_meteor: 0.38967902095561596
2021-05-04 11:21:48,293 - [train_attntn.py:141-train_step()] - INFO - Epoch [11/50]  train_loss: 2.4357 train_acc: 0.4738
2021-05-04 11:24:26,421 - [train_attntn.py:186-evaluate_model()] - INFO - val_loss: 3.5198 val_acc: 0.0000
2021-05-04 11:24:26,421 - [train_attntn.py:244-train()] - INFO - Epoch [11/50] train_bleu1: 0.6530 train_bleu2: 0.4575 train_bleu3: 0.3208 train_bleu4: 0.2239 train_meteor: 0.4344463084716536val_bleu1: 0.6161 val_bleu2: 0.4075 val_bleu3: 0.2709 val_bleu4: 0.1766 val_meteor: 0.39089846068152495
2021-05-04 11:33:59,255 - [train_attntn.py:141-train_step()] - INFO - Epoch [12/50]  train_loss: 2.3867 train_acc: 0.4794
2021-05-04 11:36:46,985 - [train_attntn.py:186-evaluate_model()] - INFO - val_loss: 3.6597 val_acc: 0.0000
2021-05-04 11:36:46,985 - [train_attntn.py:244-train()] - INFO - Epoch [12/50] train_bleu1: 0.6458 train_bleu2: 0.4518 train_bleu3: 0.3178 train_bleu4: 0.2228 train_meteor: 0.4468949457528703val_bleu1: 0.6095 val_bleu2: 0.4016 val_bleu3: 0.2647 val_bleu4: 0.1721 val_meteor: 0.3983289000638712
2021-05-04 11:46:58,941 - [train_attntn.py:141-train_step()] - INFO - Epoch [13/50]  train_loss: 2.3406 train_acc: 0.4853
2021-05-04 11:50:18,216 - [train_attntn.py:186-evaluate_model()] - INFO - val_loss: 3.6916 val_acc: 0.0000
2021-05-04 11:50:18,217 - [train_attntn.py:244-train()] - INFO - Epoch [13/50] train_bleu1: 0.6516 train_bleu2: 0.4552 train_bleu3: 0.3187 train_bleu4: 0.2234 train_meteor: 0.44599561589488196val_bleu1: 0.6137 val_bleu2: 0.4013 val_bleu3: 0.2630 val_bleu4: 0.1710 val_meteor: 0.40066791429531695
2021-05-04 12:00:47,143 - [train_attntn.py:141-train_step()] - INFO - Epoch [14/50]  train_loss: 2.2959 train_acc: 0.4903
2021-05-04 12:03:41,228 - [train_attntn.py:186-evaluate_model()] - INFO - val_loss: 3.7113 val_acc: 0.0000
2021-05-04 12:03:41,230 - [train_attntn.py:244-train()] - INFO - Epoch [14/50] train_bleu1: 0.6524 train_bleu2: 0.4629 train_bleu3: 0.3283 train_bleu4: 0.2324 train_meteor: 0.4592520231941104val_bleu1: 0.6128 val_bleu2: 0.4046 val_bleu3: 0.2654 val_bleu4: 0.1714 val_meteor: 0.4018985238394759
2021-05-04 12:13:14,955 - [train_attntn.py:141-train_step()] - INFO - Epoch [15/50]  train_loss: 2.2568 train_acc: 0.4955
2021-05-04 12:16:12,680 - [train_attntn.py:186-evaluate_model()] - INFO - val_loss: 3.9554 val_acc: 0.0000
2021-05-04 12:16:12,696 - [train_attntn.py:244-train()] - INFO - Epoch [15/50] train_bleu1: 0.6611 train_bleu2: 0.4726 train_bleu3: 0.3390 train_bleu4: 0.2422 train_meteor: 0.4586816528055631val_bleu1: 0.6233 val_bleu2: 0.4121 val_bleu3: 0.2752 val_bleu4: 0.1815 val_meteor: 0.39976203005888594
2021-05-04 12:25:08,977 - [train_attntn.py:141-train_step()] - INFO - Epoch [16/50]  train_loss: 2.2158 train_acc: 0.5003
2021-05-04 12:28:02,102 - [train_attntn.py:186-evaluate_model()] - INFO - val_loss: 4.0875 val_acc: 0.0000
2021-05-04 12:28:02,103 - [train_attntn.py:244-train()] - INFO - Epoch [16/50] train_bleu1: 0.6465 train_bleu2: 0.4546 train_bleu3: 0.3215 train_bleu4: 0.2274 train_meteor: 0.4588204506358639val_bleu1: 0.5947 val_bleu2: 0.3820 val_bleu3: 0.2468 val_bleu4: 0.1578 val_meteor: 0.39646393228775373
2021-05-04 12:37:47,671 - [train_attntn.py:141-train_step()] - INFO - Epoch [17/50]  train_loss: 2.1823 train_acc: 0.5049
2021-05-04 12:40:33,506 - [train_attntn.py:186-evaluate_model()] - INFO - val_loss: 4.1013 val_acc: 0.0000
2021-05-04 12:40:33,507 - [train_attntn.py:244-train()] - INFO - Epoch [17/50] train_bleu1: 0.6574 train_bleu2: 0.4688 train_bleu3: 0.3358 train_bleu4: 0.2405 train_meteor: 0.45841042918631386val_bleu1: 0.6012 val_bleu2: 0.3917 val_bleu3: 0.2534 val_bleu4: 0.1606 val_meteor: 0.3985493902165256
2021-05-04 12:50:43,428 - [train_attntn.py:141-train_step()] - INFO - Epoch [18/50]  train_loss: 2.1442 train_acc: 0.5098
2021-05-04 12:53:29,647 - [train_attntn.py:186-evaluate_model()] - INFO - val_loss: 4.3056 val_acc: 0.0000
2021-05-04 12:53:29,648 - [train_attntn.py:244-train()] - INFO - Epoch [18/50] train_bleu1: 0.6711 train_bleu2: 0.4850 train_bleu3: 0.3517 train_bleu4: 0.2546 train_meteor: 0.4747724341956108val_bleu1: 0.6160 val_bleu2: 0.4104 val_bleu3: 0.2716 val_bleu4: 0.1772 val_meteor: 0.41154923047446773
2021-05-04 13:02:45,565 - [train_attntn.py:141-train_step()] - INFO - Epoch [19/50]  train_loss: 2.1080 train_acc: 0.5146
2021-05-04 13:05:54,494 - [train_attntn.py:186-evaluate_model()] - INFO - val_loss: 4.2785 val_acc: 0.0000
2021-05-04 13:05:54,495 - [train_attntn.py:244-train()] - INFO - Epoch [19/50] train_bleu1: 0.6535 train_bleu2: 0.4708 train_bleu3: 0.3418 train_bleu4: 0.2486 train_meteor: 0.47751691685614256val_bleu1: 0.6003 val_bleu2: 0.3940 val_bleu3: 0.2623 val_bleu4: 0.1738 val_meteor: 0.41546269675353037
2021-05-04 13:15:38,033 - [train_attntn.py:141-train_step()] - INFO - Epoch [20/50]  train_loss: 2.0798 train_acc: 0.5189
2021-05-04 13:18:41,330 - [train_attntn.py:186-evaluate_model()] - INFO - val_loss: 4.2788 val_acc: 0.0000
2021-05-04 13:18:41,330 - [train_attntn.py:244-train()] - INFO - Epoch [20/50] train_bleu1: 0.6832 train_bleu2: 0.4976 train_bleu3: 0.3644 train_bleu4: 0.2668 train_meteor: 0.4764678370470092val_bleu1: 0.6248 val_bleu2: 0.4151 val_bleu3: 0.2766 val_bleu4: 0.1828 val_meteor: 0.40653541233779356
2021-05-04 13:29:02,769 - [train_attntn.py:141-train_step()] - INFO - Epoch [21/50]  train_loss: 2.0470 train_acc: 0.5234
2021-05-04 13:32:23,134 - [train_attntn.py:186-evaluate_model()] - INFO - val_loss: 4.3938 val_acc: 0.0000
2021-05-04 13:32:23,135 - [train_attntn.py:244-train()] - INFO - Epoch [21/50] train_bleu1: 0.6485 train_bleu2: 0.4679 train_bleu3: 0.3412 train_bleu4: 0.2498 train_meteor: 0.48299668364837883val_bleu1: 0.5902 val_bleu2: 0.3861 val_bleu3: 0.2513 val_bleu4: 0.1611 val_meteor: 0.40851755967411085
2021-05-04 13:42:52,681 - [train_attntn.py:141-train_step()] - INFO - Epoch [22/50]  train_loss: 2.0118 train_acc: 0.5286
2021-05-04 13:46:28,045 - [train_attntn.py:186-evaluate_model()] - INFO - val_loss: 4.3956 val_acc: 0.0000
2021-05-04 13:46:28,046 - [train_attntn.py:244-train()] - INFO - Epoch [22/50] train_bleu1: 0.6791 train_bleu2: 0.4929 train_bleu3: 0.3610 train_bleu4: 0.2657 train_meteor: 0.48209522682424866val_bleu1: 0.6093 val_bleu2: 0.3948 val_bleu3: 0.2576 val_bleu4: 0.1663 val_meteor: 0.39968838597645884
2021-05-04 13:57:10,332 - [train_attntn.py:141-train_step()] - INFO - Epoch [23/50]  train_loss: 1.9869 train_acc: 0.5333
2021-05-04 14:00:52,054 - [train_attntn.py:186-evaluate_model()] - INFO - val_loss: 4.3840 val_acc: 0.0000
2021-05-04 14:00:52,054 - [train_attntn.py:244-train()] - INFO - Epoch [23/50] train_bleu1: 0.6704 train_bleu2: 0.4860 train_bleu3: 0.3564 train_bleu4: 0.2619 train_meteor: 0.4821862137899292val_bleu1: 0.5969 val_bleu2: 0.3840 val_bleu3: 0.2471 val_bleu4: 0.1572 val_meteor: 0.3999053683544867
2021-05-04 14:11:48,765 - [train_attntn.py:141-train_step()] - INFO - Epoch [24/50]  train_loss: 1.9562 train_acc: 0.5366
2021-05-04 14:15:13,043 - [train_attntn.py:186-evaluate_model()] - INFO - val_loss: 4.7530 val_acc: 0.0000
2021-05-04 14:15:13,044 - [train_attntn.py:244-train()] - INFO - Epoch [24/50] train_bleu1: 0.6785 train_bleu2: 0.4993 train_bleu3: 0.3711 train_bleu4: 0.2769 train_meteor: 0.49384658353103145val_bleu1: 0.6040 val_bleu2: 0.3971 val_bleu3: 0.2616 val_bleu4: 0.1719 val_meteor: 0.4122995615753281
2021-05-04 14:25:08,439 - [train_attntn.py:141-train_step()] - INFO - Epoch [25/50]  train_loss: 1.9274 train_acc: 0.5415
2021-05-04 14:28:47,470 - [train_attntn.py:186-evaluate_model()] - INFO - val_loss: 4.8170 val_acc: 0.0000
2021-05-04 14:28:47,470 - [train_attntn.py:244-train()] - INFO - Epoch [25/50] train_bleu1: 0.6979 train_bleu2: 0.5176 train_bleu3: 0.3879 train_bleu4: 0.2915 train_meteor: 0.4881411173375965val_bleu1: 0.6257 val_bleu2: 0.4170 val_bleu3: 0.2795 val_bleu4: 0.1844 val_meteor: 0.40977023733037254
2021-05-04 14:38:24,702 - [train_attntn.py:141-train_step()] - INFO - Epoch [26/50]  train_loss: 1.9028 train_acc: 0.5448
2021-05-04 14:41:06,771 - [train_attntn.py:186-evaluate_model()] - INFO - val_loss: 4.8559 val_acc: 0.0000
2021-05-04 14:41:06,772 - [train_attntn.py:244-train()] - INFO - Epoch [26/50] train_bleu1: 0.7010 train_bleu2: 0.5176 train_bleu3: 0.3883 train_bleu4: 0.2935 train_meteor: 0.48203459491586886val_bleu1: 0.6237 val_bleu2: 0.4089 val_bleu3: 0.2691 val_bleu4: 0.1762 val_meteor: 0.39242773899161854
2021-05-04 14:50:44,744 - [train_attntn.py:141-train_step()] - INFO - Epoch [27/50]  train_loss: 1.8751 train_acc: 0.5502
2021-05-04 14:53:53,334 - [train_attntn.py:186-evaluate_model()] - INFO - val_loss: 4.9724 val_acc: 0.0000
2021-05-04 14:53:53,335 - [train_attntn.py:244-train()] - INFO - Epoch [27/50] train_bleu1: 0.6994 train_bleu2: 0.5228 train_bleu3: 0.3949 train_bleu4: 0.2988 train_meteor: 0.4980153233742477val_bleu1: 0.6135 val_bleu2: 0.4070 val_bleu3: 0.2698 val_bleu4: 0.1755 val_meteor: 0.4102504194078477
2021-05-04 15:03:50,611 - [train_attntn.py:141-train_step()] - INFO - Epoch [28/50]  train_loss: 1.8496 train_acc: 0.5540
2021-05-04 15:07:18,690 - [train_attntn.py:186-evaluate_model()] - INFO - val_loss: 4.9987 val_acc: 0.0000
2021-05-04 15:07:18,691 - [train_attntn.py:244-train()] - INFO - Epoch [28/50] train_bleu1: 0.7119 train_bleu2: 0.5371 train_bleu3: 0.4095 train_bleu4: 0.3135 train_meteor: 0.5051160347547855val_bleu1: 0.6218 val_bleu2: 0.4132 val_bleu3: 0.2737 val_bleu4: 0.1799 val_meteor: 0.40604852405748143
2021-05-04 15:18:41,461 - [train_attntn.py:141-train_step()] - INFO - Epoch [29/50]  train_loss: 1.8230 train_acc: 0.5589
2021-05-04 15:22:13,429 - [train_attntn.py:186-evaluate_model()] - INFO - val_loss: 4.9589 val_acc: 0.0000
2021-05-04 15:22:13,430 - [train_attntn.py:244-train()] - INFO - Epoch [29/50] train_bleu1: 0.7038 train_bleu2: 0.5312 train_bleu3: 0.4051 train_bleu4: 0.3110 train_meteor: 0.5095407628628367val_bleu1: 0.6146 val_bleu2: 0.4067 val_bleu3: 0.2692 val_bleu4: 0.1770 val_meteor: 0.4080687634477376
2021-05-04 15:34:40,081 - [train_attntn.py:141-train_step()] - INFO - Epoch [30/50]  train_loss: 1.8015 train_acc: 0.5617
2021-05-04 15:38:09,218 - [train_attntn.py:186-evaluate_model()] - INFO - val_loss: 5.2914 val_acc: 0.0000
2021-05-04 15:38:09,219 - [train_attntn.py:244-train()] - INFO - Epoch [30/50] train_bleu1: 0.6776 train_bleu2: 0.4974 train_bleu3: 0.3706 train_bleu4: 0.2788 train_meteor: 0.5008507605587891val_bleu1: 0.5977 val_bleu2: 0.3861 val_bleu3: 0.2515 val_bleu4: 0.1607 val_meteor: 0.40435016180317745
2021-05-04 15:48:51,697 - [train_attntn.py:141-train_step()] - INFO - Epoch [31/50]  train_loss: 1.7794 train_acc: 0.5644
2021-05-04 15:52:28,287 - [train_attntn.py:186-evaluate_model()] - INFO - val_loss: 5.3389 val_acc: 0.0000
2021-05-04 15:52:28,288 - [train_attntn.py:244-train()] - INFO - Epoch [31/50] train_bleu1: 0.6767 train_bleu2: 0.5029 train_bleu3: 0.3798 train_bleu4: 0.2890 train_meteor: 0.5100752491935724val_bleu1: 0.5916 val_bleu2: 0.3813 val_bleu3: 0.2479 val_bleu4: 0.1589 val_meteor: 0.40885427190994594
2021-05-04 16:03:01,112 - [train_attntn.py:141-train_step()] - INFO - Epoch [32/50]  train_loss: 1.7531 train_acc: 0.5698
2021-05-04 16:06:28,006 - [train_attntn.py:186-evaluate_model()] - INFO - val_loss: 5.2282 val_acc: 0.0000
2021-05-04 16:06:28,007 - [train_attntn.py:244-train()] - INFO - Epoch [32/50] train_bleu1: 0.6846 train_bleu2: 0.5144 train_bleu3: 0.3931 train_bleu4: 0.3035 train_meteor: 0.5197861856254181val_bleu1: 0.5939 val_bleu2: 0.3903 val_bleu3: 0.2561 val_bleu4: 0.1678 val_meteor: 0.41879442153210633
2021-05-04 16:18:15,103 - [train_attntn.py:141-train_step()] - INFO - Epoch [33/50]  train_loss: 1.7344 train_acc: 0.5732
2021-05-04 16:21:46,056 - [train_attntn.py:186-evaluate_model()] - INFO - val_loss: 5.3037 val_acc: 0.0000
2021-05-04 16:21:46,056 - [train_attntn.py:244-train()] - INFO - Epoch [33/50] train_bleu1: 0.6935 train_bleu2: 0.5193 train_bleu3: 0.3944 train_bleu4: 0.3024 train_meteor: 0.506196801709695val_bleu1: 0.6051 val_bleu2: 0.3944 val_bleu3: 0.2565 val_bleu4: 0.1628 val_meteor: 0.40934049853813664
2021-05-04 16:33:14,175 - [train_attntn.py:141-train_step()] - INFO - Epoch [34/50]  train_loss: 1.7139 train_acc: 0.5764
2021-05-04 16:36:42,192 - [train_attntn.py:186-evaluate_model()] - INFO - val_loss: 5.5408 val_acc: 0.0000
2021-05-04 16:36:42,193 - [train_attntn.py:244-train()] - INFO - Epoch [34/50] train_bleu1: 0.7083 train_bleu2: 0.5341 train_bleu3: 0.4097 train_bleu4: 0.3172 train_meteor: 0.5153112813060317val_bleu1: 0.6122 val_bleu2: 0.3968 val_bleu3: 0.2600 val_bleu4: 0.1700 val_meteor: 0.4058016971777349
2021-05-04 16:47:46,016 - [train_attntn.py:141-train_step()] - INFO - Epoch [35/50]  train_loss: 1.6915 train_acc: 0.5801
2021-05-04 16:50:43,718 - [train_attntn.py:186-evaluate_model()] - INFO - val_loss: 5.6551 val_acc: 0.0000
2021-05-04 16:50:43,719 - [train_attntn.py:244-train()] - INFO - Epoch [35/50] train_bleu1: 0.7084 train_bleu2: 0.5361 train_bleu3: 0.4119 train_bleu4: 0.3193 train_meteor: 0.5144381399817208val_bleu1: 0.6112 val_bleu2: 0.3962 val_bleu3: 0.2590 val_bleu4: 0.1671 val_meteor: 0.40207039727329696
2021-05-04 17:00:20,656 - [train_attntn.py:141-train_step()] - INFO - Epoch [36/50]  train_loss: 1.6727 train_acc: 0.5833
2021-05-04 17:03:42,547 - [train_attntn.py:186-evaluate_model()] - INFO - val_loss: 5.5252 val_acc: 0.0000
2021-05-04 17:03:42,547 - [train_attntn.py:244-train()] - INFO - Epoch [36/50] train_bleu1: 0.7178 train_bleu2: 0.5465 train_bleu3: 0.4226 train_bleu4: 0.3303 train_meteor: 0.5200753846711148val_bleu1: 0.6161 val_bleu2: 0.3997 val_bleu3: 0.2587 val_bleu4: 0.1646 val_meteor: 0.41171268018475765
2021-05-04 17:13:42,953 - [train_attntn.py:141-train_step()] - INFO - Epoch [37/50]  train_loss: 1.6534 train_acc: 0.5866
2021-05-04 17:16:51,499 - [train_attntn.py:186-evaluate_model()] - INFO - val_loss: 5.4803 val_acc: 0.0000
2021-05-04 17:16:51,500 - [train_attntn.py:244-train()] - INFO - Epoch [37/50] train_bleu1: 0.6733 train_bleu2: 0.5015 train_bleu3: 0.3809 train_bleu4: 0.2933 train_meteor: 0.5139385255093983val_bleu1: 0.5768 val_bleu2: 0.3691 val_bleu3: 0.2360 val_bleu4: 0.1502 val_meteor: 0.40881877756063956
2021-05-04 17:26:05,109 - [train_attntn.py:141-train_step()] - INFO - Epoch [38/50]  train_loss: 1.6361 train_acc: 0.5900
2021-05-04 17:28:59,442 - [train_attntn.py:186-evaluate_model()] - INFO - val_loss: 5.6460 val_acc: 0.0000
2021-05-04 17:28:59,443 - [train_attntn.py:244-train()] - INFO - Epoch [38/50] train_bleu1: 0.7208 train_bleu2: 0.5502 train_bleu3: 0.4271 train_bleu4: 0.3345 train_meteor: 0.5194376153365525val_bleu1: 0.6221 val_bleu2: 0.4056 val_bleu3: 0.2634 val_bleu4: 0.1695 val_meteor: 0.40676440104049144
2021-05-04 17:39:24,989 - [train_attntn.py:141-train_step()] - INFO - Epoch [39/50]  train_loss: 1.6165 train_acc: 0.5939
2021-05-04 17:42:44,970 - [train_attntn.py:186-evaluate_model()] - INFO - val_loss: 5.4255 val_acc: 0.0000
2021-05-04 17:42:44,971 - [train_attntn.py:244-train()] - INFO - Epoch [39/50] train_bleu1: 0.6983 train_bleu2: 0.5309 train_bleu3: 0.4117 train_bleu4: 0.3231 train_meteor: 0.522296013547794val_bleu1: 0.5953 val_bleu2: 0.3836 val_bleu3: 0.2485 val_bleu4: 0.1626 val_meteor: 0.4106550420749275
2021-05-04 17:52:48,963 - [train_attntn.py:141-train_step()] - INFO - Epoch [40/50]  train_loss: 1.6010 train_acc: 0.5963
2021-05-04 17:55:42,769 - [train_attntn.py:186-evaluate_model()] - INFO - val_loss: 5.7022 val_acc: 0.0000
2021-05-04 17:55:42,769 - [train_attntn.py:244-train()] - INFO - Epoch [40/50] train_bleu1: 0.7035 train_bleu2: 0.5392 train_bleu3: 0.4224 train_bleu4: 0.3351 train_meteor: 0.5272432840020939val_bleu1: 0.5979 val_bleu2: 0.3857 val_bleu3: 0.2511 val_bleu4: 0.1620 val_meteor: 0.4010071318777021
2021-05-04 18:05:42,772 - [train_attntn.py:141-train_step()] - INFO - Epoch [41/50]  train_loss: 1.5802 train_acc: 0.6002
2021-05-04 18:09:13,792 - [train_attntn.py:186-evaluate_model()] - INFO - val_loss: 5.6855 val_acc: 0.0000
2021-05-04 18:09:13,793 - [train_attntn.py:244-train()] - INFO - Epoch [41/50] train_bleu1: 0.7109 train_bleu2: 0.5440 train_bleu3: 0.4240 train_bleu4: 0.3343 train_meteor: 0.529716518496857val_bleu1: 0.5992 val_bleu2: 0.3858 val_bleu3: 0.2496 val_bleu4: 0.1596 val_meteor: 0.4129559354584768
2021-05-04 18:20:39,381 - [train_attntn.py:141-train_step()] - INFO - Epoch [42/50]  train_loss: 1.5688 train_acc: 0.6029
2021-05-04 18:24:02,033 - [train_attntn.py:186-evaluate_model()] - INFO - val_loss: 5.7004 val_acc: 0.0000
2021-05-04 18:24:02,034 - [train_attntn.py:244-train()] - INFO - Epoch [42/50] train_bleu1: 0.7245 train_bleu2: 0.5602 train_bleu3: 0.4416 train_bleu4: 0.3527 train_meteor: 0.5168350204310515val_bleu1: 0.6134 val_bleu2: 0.3982 val_bleu3: 0.2609 val_bleu4: 0.1705 val_meteor: 0.38921306874781053
2021-05-04 18:35:27,703 - [train_attntn.py:141-train_step()] - INFO - Epoch [43/50]  train_loss: 1.5536 train_acc: 0.6065
2021-05-04 18:38:54,061 - [train_attntn.py:186-evaluate_model()] - INFO - val_loss: 5.7840 val_acc: 0.0000
2021-05-04 18:38:54,062 - [train_attntn.py:244-train()] - INFO - Epoch [43/50] train_bleu1: 0.7066 train_bleu2: 0.5445 train_bleu3: 0.4272 train_bleu4: 0.3395 train_meteor: 0.533776423056793val_bleu1: 0.6013 val_bleu2: 0.3915 val_bleu3: 0.2546 val_bleu4: 0.1671 val_meteor: 0.4087557469016672
2021-05-04 18:50:44,368 - [train_attntn.py:141-train_step()] - INFO - Epoch [44/50]  train_loss: 1.5388 train_acc: 0.6088
2021-05-04 18:54:17,024 - [train_attntn.py:186-evaluate_model()] - INFO - val_loss: 6.0092 val_acc: 0.0000
2021-05-04 18:54:17,025 - [train_attntn.py:244-train()] - INFO - Epoch [44/50] train_bleu1: 0.7182 train_bleu2: 0.5516 train_bleu3: 0.4329 train_bleu4: 0.3443 train_meteor: 0.5239843340691546val_bleu1: 0.6032 val_bleu2: 0.3886 val_bleu3: 0.2521 val_bleu4: 0.1640 val_meteor: 0.3956446163927675
2021-05-04 19:04:13,328 - [train_attntn.py:141-train_step()] - INFO - Epoch [45/50]  train_loss: 1.5210 train_acc: 0.6124
2021-05-04 19:07:20,342 - [train_attntn.py:186-evaluate_model()] - INFO - val_loss: 5.9989 val_acc: 0.0000
2021-05-04 19:07:20,343 - [train_attntn.py:244-train()] - INFO - Epoch [45/50] train_bleu1: 0.7249 train_bleu2: 0.5627 train_bleu3: 0.4468 train_bleu4: 0.3595 train_meteor: 0.5341141316353727val_bleu1: 0.6082 val_bleu2: 0.3862 val_bleu3: 0.2458 val_bleu4: 0.1557 val_meteor: 0.3964253472889632
2021-05-04 19:17:09,204 - [train_attntn.py:141-train_step()] - INFO - Epoch [46/50]  train_loss: 1.5100 train_acc: 0.6142
2021-05-04 19:19:39,845 - [train_attntn.py:186-evaluate_model()] - INFO - val_loss: 5.9821 val_acc: 0.0000
2021-05-04 19:19:39,846 - [train_attntn.py:244-train()] - INFO - Epoch [46/50] train_bleu1: 0.6890 train_bleu2: 0.5231 train_bleu3: 0.4057 train_bleu4: 0.3193 train_meteor: 0.5356895708965403val_bleu1: 0.5721 val_bleu2: 0.3601 val_bleu3: 0.2260 val_bleu4: 0.1407 val_meteor: 0.4001574376487516
2021-05-04 19:27:43,224 - [train_attntn.py:141-train_step()] - INFO - Epoch [47/50]  train_loss: 1.4933 train_acc: 0.6173
2021-05-04 19:30:21,038 - [train_attntn.py:186-evaluate_model()] - INFO - val_loss: 6.0531 val_acc: 0.0000
2021-05-04 19:30:21,039 - [train_attntn.py:244-train()] - INFO - Epoch [47/50] train_bleu1: 0.7310 train_bleu2: 0.5672 train_bleu3: 0.4489 train_bleu4: 0.3600 train_meteor: 0.5329426881935511val_bleu1: 0.6166 val_bleu2: 0.3932 val_bleu3: 0.2492 val_bleu4: 0.1537 val_meteor: 0.3956123672819691
2021-05-04 19:38:38,496 - [train_attntn.py:141-train_step()] - INFO - Epoch [48/50]  train_loss: 1.4827 train_acc: 0.6199
2021-05-04 19:41:17,706 - [train_attntn.py:186-evaluate_model()] - INFO - val_loss: 6.0820 val_acc: 0.0000
2021-05-04 19:41:17,707 - [train_attntn.py:244-train()] - INFO - Epoch [48/50] train_bleu1: 0.7127 train_bleu2: 0.5491 train_bleu3: 0.4323 train_bleu4: 0.3456 train_meteor: 0.5382079619383124val_bleu1: 0.5897 val_bleu2: 0.3810 val_bleu3: 0.2461 val_bleu4: 0.1573 val_meteor: 0.4114879552373339
2021-05-04 19:51:46,892 - [train_attntn.py:141-train_step()] - INFO - Epoch [49/50]  train_loss: 1.4751 train_acc: 0.6220
2021-05-04 19:54:32,188 - [train_attntn.py:186-evaluate_model()] - INFO - val_loss: 6.1824 val_acc: 0.0000
2021-05-04 19:54:32,189 - [train_attntn.py:244-train()] - INFO - Epoch [49/50] train_bleu1: 0.6917 train_bleu2: 0.5299 train_bleu3: 0.4155 train_bleu4: 0.3323 train_meteor: 0.543580147606014val_bleu1: 0.5720 val_bleu2: 0.3626 val_bleu3: 0.2306 val_bleu4: 0.1481 val_meteor: 0.4057262851660982
2021-05-04 20:03:43,236 - [train_attntn.py:141-train_step()] - INFO - Epoch [50/50]  train_loss: 1.4627 train_acc: 0.6247
2021-05-04 20:06:34,832 - [train_attntn.py:186-evaluate_model()] - INFO - val_loss: 6.2238 val_acc: 0.0000
2021-05-04 20:06:34,833 - [train_attntn.py:244-train()] - INFO - Epoch [50/50] train_bleu1: 0.7225 train_bleu2: 0.5597 train_bleu3: 0.4429 train_bleu4: 0.3564 train_meteor: 0.5303317203027706val_bleu1: 0.6006 val_bleu2: 0.3802 val_bleu3: 0.2407 val_bleu4: 0.1514 val_meteor: 0.3949469009549738
2021-05-04 20:06:46,057 - [train_attntn.py:279-test()] - INFO - Start testing specified model
