2021-05-15 07:12:11,159 - [train_attntn.py:25-<module>()] - INFO - Start Initialization
2021-05-15 07:12:11,253 - [train_attntn.py:53-parepareDataset()] - INFO - Prepare dataset for training
2021-05-15 07:12:26,553 - [train_attntn.py:93-parepareDataset()] - INFO - Dataset Preparation Complete
2021-05-15 07:12:26,554 - [train_attntn.py:100-prepareLoader()] - INFO - Prepare dataloader for training
2021-05-15 07:12:26,555 - [train_attntn.py:112-prepareLoader()] - INFO - Dataloader Preparation Complete
2021-05-15 07:12:56,359 - [train_attntn.py:221-train()] - INFO - Start training
2021-05-15 07:24:58,007 - [train_attntn.py:147-train_step()] - INFO - Epoch [1/50]  train_loss: 3.9822 train_acc: 0.3305
2021-05-15 07:28:18,688 - [train_attntn.py:245-train()] - INFO - Epoch [1/50] train_bleu1: 0.4762 train_bleu2: 0.2792 train_bleu3: 0.1589 train_bleu4: 0.0893 train_meteor: 0.32695110872307037val_bleu1: 0.4773 val_bleu2: 0.2770 val_bleu3: 0.1547 val_bleu4: 0.0835 val_meteor: 0.32254217416967795
2021-05-15 07:38:22,972 - [train_attntn.py:147-train_step()] - INFO - Epoch [2/50]  train_loss: 3.3438 train_acc: 0.3869
2021-05-15 07:41:31,025 - [train_attntn.py:245-train()] - INFO - Epoch [2/50] train_bleu1: 0.4994 train_bleu2: 0.3012 train_bleu3: 0.1822 train_bleu4: 0.1088 train_meteor: 0.3450613598294238val_bleu1: 0.4948 val_bleu2: 0.2950 val_bleu3: 0.1774 val_bleu4: 0.1032 val_meteor: 0.3355536240999843
2021-05-15 07:52:47,211 - [train_attntn.py:147-train_step()] - INFO - Epoch [3/50]  train_loss: 3.1290 train_acc: 0.4056
2021-05-15 07:57:12,481 - [train_attntn.py:245-train()] - INFO - Epoch [3/50] train_bleu1: 0.4662 train_bleu2: 0.2886 train_bleu3: 0.1775 train_bleu4: 0.1073 train_meteor: 0.35724547206890944val_bleu1: 0.4669 val_bleu2: 0.2865 val_bleu3: 0.1730 val_bleu4: 0.1023 val_meteor: 0.3458799478614714
2021-05-15 08:08:30,785 - [train_attntn.py:147-train_step()] - INFO - Epoch [4/50]  train_loss: 2.9850 train_acc: 0.4188
2021-05-15 08:11:50,930 - [train_attntn.py:245-train()] - INFO - Epoch [4/50] train_bleu1: 0.5644 train_bleu2: 0.3637 train_bleu3: 0.2338 train_bleu4: 0.1502 train_meteor: 0.37144584383250123val_bleu1: 0.5634 val_bleu2: 0.3579 val_bleu3: 0.2274 val_bleu4: 0.1454 val_meteor: 0.35665602822444453
2021-05-15 08:23:14,401 - [train_attntn.py:147-train_step()] - INFO - Epoch [5/50]  train_loss: 2.8744 train_acc: 0.4290
2021-05-15 08:26:15,959 - [train_attntn.py:245-train()] - INFO - Epoch [5/50] train_bleu1: 0.5761 train_bleu2: 0.3719 train_bleu3: 0.2412 train_bleu4: 0.1564 train_meteor: 0.36702862123356245val_bleu1: 0.5621 val_bleu2: 0.3574 val_bleu3: 0.2306 val_bleu4: 0.1485 val_meteor: 0.35036440596094887
2021-05-15 08:36:53,117 - [train_attntn.py:147-train_step()] - INFO - Epoch [6/50]  train_loss: 2.7820 train_acc: 0.4375
2021-05-15 08:39:44,886 - [train_attntn.py:245-train()] - INFO - Epoch [6/50] train_bleu1: 0.6017 train_bleu2: 0.3866 train_bleu3: 0.2489 train_bleu4: 0.1597 train_meteor: 0.38972204333876675val_bleu1: 0.5864 val_bleu2: 0.3684 val_bleu3: 0.2300 val_bleu4: 0.1412 val_meteor: 0.37200802222180424
2021-05-15 08:50:17,212 - [train_attntn.py:147-train_step()] - INFO - Epoch [7/50]  train_loss: 2.7050 train_acc: 0.4449
2021-05-15 08:53:08,223 - [train_attntn.py:245-train()] - INFO - Epoch [7/50] train_bleu1: 0.6303 train_bleu2: 0.4185 train_bleu3: 0.2784 train_bleu4: 0.1849 train_meteor: 0.4017795799127997val_bleu1: 0.6071 val_bleu2: 0.3891 val_bleu3: 0.2469 val_bleu4: 0.1539 val_meteor: 0.36963457254875925
2021-05-15 09:03:28,338 - [train_attntn.py:147-train_step()] - INFO - Epoch [8/50]  train_loss: 2.6406 train_acc: 0.4517
2021-05-15 09:07:21,304 - [train_attntn.py:245-train()] - INFO - Epoch [8/50] train_bleu1: 0.5464 train_bleu2: 0.3619 train_bleu3: 0.2370 train_bleu4: 0.1558 train_meteor: 0.4089524932650512val_bleu1: 0.5336 val_bleu2: 0.3410 val_bleu3: 0.2135 val_bleu4: 0.1306 val_meteor: 0.37931501998952505
2021-05-15 09:17:59,563 - [train_attntn.py:147-train_step()] - INFO - Epoch [9/50]  train_loss: 2.5758 train_acc: 0.4578
2021-05-15 09:21:15,643 - [train_attntn.py:245-train()] - INFO - Epoch [9/50] train_bleu1: 0.6213 train_bleu2: 0.4152 train_bleu3: 0.2765 train_bleu4: 0.1842 train_meteor: 0.40616500086586593val_bleu1: 0.5798 val_bleu2: 0.3705 val_bleu3: 0.2335 val_bleu4: 0.1439 val_meteor: 0.37619293628203665
2021-05-15 09:34:09,184 - [train_attntn.py:147-train_step()] - INFO - Epoch [10/50]  train_loss: 2.5199 train_acc: 0.4640
2021-05-15 09:38:42,025 - [train_attntn.py:245-train()] - INFO - Epoch [10/50] train_bleu1: 0.6269 train_bleu2: 0.4229 train_bleu3: 0.2860 train_bleu4: 0.1930 train_meteor: 0.4312426847520988val_bleu1: 0.5856 val_bleu2: 0.3735 val_bleu3: 0.2376 val_bleu4: 0.1474 val_meteor: 0.38518020740628034
2021-05-15 09:51:20,783 - [train_attntn.py:147-train_step()] - INFO - Epoch [11/50]  train_loss: 2.4719 train_acc: 0.4689
2021-05-15 09:54:59,507 - [train_attntn.py:245-train()] - INFO - Epoch [11/50] train_bleu1: 0.6389 train_bleu2: 0.4332 train_bleu3: 0.2941 train_bleu4: 0.1999 train_meteor: 0.41392603048792176val_bleu1: 0.6081 val_bleu2: 0.3947 val_bleu3: 0.2538 val_bleu4: 0.1612 val_meteor: 0.3797659583073594
2021-05-15 10:07:21,858 - [train_attntn.py:147-train_step()] - INFO - Epoch [12/50]  train_loss: 2.4234 train_acc: 0.4747
2021-05-15 10:11:05,003 - [train_attntn.py:245-train()] - INFO - Epoch [12/50] train_bleu1: 0.6499 train_bleu2: 0.4496 train_bleu3: 0.3100 train_bleu4: 0.2121 train_meteor: 0.4251689474284718val_bleu1: 0.6105 val_bleu2: 0.3987 val_bleu3: 0.2561 val_bleu4: 0.1608 val_meteor: 0.380490042082589
2021-05-15 10:22:48,952 - [train_attntn.py:147-train_step()] - INFO - Epoch [13/50]  train_loss: 2.3786 train_acc: 0.4797
2021-05-15 10:26:10,650 - [train_attntn.py:245-train()] - INFO - Epoch [13/50] train_bleu1: 0.6322 train_bleu2: 0.4357 train_bleu3: 0.3012 train_bleu4: 0.2079 train_meteor: 0.4320671586346423val_bleu1: 0.5838 val_bleu2: 0.3768 val_bleu3: 0.2426 val_bleu4: 0.1527 val_meteor: 0.3841516010678388
2021-05-15 10:38:00,827 - [train_attntn.py:147-train_step()] - INFO - Epoch [14/50]  train_loss: 2.3350 train_acc: 0.4844
2021-05-15 10:41:37,170 - [train_attntn.py:245-train()] - INFO - Epoch [14/50] train_bleu1: 0.6358 train_bleu2: 0.4374 train_bleu3: 0.3017 train_bleu4: 0.2074 train_meteor: 0.43017722792643787val_bleu1: 0.5871 val_bleu2: 0.3732 val_bleu3: 0.2379 val_bleu4: 0.1487 val_meteor: 0.37653873456533016
2021-05-15 10:53:22,909 - [train_attntn.py:147-train_step()] - INFO - Epoch [15/50]  train_loss: 2.2971 train_acc: 0.4893
2021-05-15 10:56:32,694 - [train_attntn.py:245-train()] - INFO - Epoch [15/50] train_bleu1: 0.6481 train_bleu2: 0.4506 train_bleu3: 0.3144 train_bleu4: 0.2205 train_meteor: 0.44128931381529063val_bleu1: 0.5920 val_bleu2: 0.3808 val_bleu3: 0.2435 val_bleu4: 0.1547 val_meteor: 0.37707665163871956
2021-05-15 11:07:43,045 - [train_attntn.py:147-train_step()] - INFO - Epoch [16/50]  train_loss: 2.2609 train_acc: 0.4938
2021-05-15 11:10:59,218 - [train_attntn.py:245-train()] - INFO - Epoch [16/50] train_bleu1: 0.6515 train_bleu2: 0.4522 train_bleu3: 0.3167 train_bleu4: 0.2227 train_meteor: 0.44144648605236786val_bleu1: 0.5963 val_bleu2: 0.3779 val_bleu3: 0.2387 val_bleu4: 0.1488 val_meteor: 0.37752615553965135
2021-05-15 11:22:04,735 - [train_attntn.py:147-train_step()] - INFO - Epoch [17/50]  train_loss: 2.2239 train_acc: 0.4985
2021-05-15 11:25:17,760 - [train_attntn.py:245-train()] - INFO - Epoch [17/50] train_bleu1: 0.6543 train_bleu2: 0.4589 train_bleu3: 0.3243 train_bleu4: 0.2296 train_meteor: 0.4490940327560739val_bleu1: 0.5922 val_bleu2: 0.3755 val_bleu3: 0.2374 val_bleu4: 0.1467 val_meteor: 0.3794583715509532
2021-05-15 11:36:09,856 - [train_attntn.py:147-train_step()] - INFO - Epoch [18/50]  train_loss: 2.1890 train_acc: 0.5023
2021-05-15 11:39:33,476 - [train_attntn.py:245-train()] - INFO - Epoch [18/50] train_bleu1: 0.6417 train_bleu2: 0.4519 train_bleu3: 0.3198 train_bleu4: 0.2257 train_meteor: 0.4458131485995173val_bleu1: 0.5891 val_bleu2: 0.3800 val_bleu3: 0.2429 val_bleu4: 0.1516 val_meteor: 0.3795640778552508
2021-05-15 11:51:33,578 - [train_attntn.py:147-train_step()] - INFO - Epoch [19/50]  train_loss: 2.1547 train_acc: 0.5075
2021-05-15 11:54:52,056 - [train_attntn.py:245-train()] - INFO - Epoch [19/50] train_bleu1: 0.6567 train_bleu2: 0.4607 train_bleu3: 0.3250 train_bleu4: 0.2305 train_meteor: 0.4542067903757221val_bleu1: 0.5971 val_bleu2: 0.3819 val_bleu3: 0.2438 val_bleu4: 0.1511 val_meteor: 0.3827693896459045
2021-05-15 12:06:25,630 - [train_attntn.py:147-train_step()] - INFO - Epoch [20/50]  train_loss: 2.1239 train_acc: 0.5119
2021-05-15 12:10:00,850 - [train_attntn.py:245-train()] - INFO - Epoch [20/50] train_bleu1: 0.6534 train_bleu2: 0.4641 train_bleu3: 0.3316 train_bleu4: 0.2377 train_meteor: 0.46022701704506314val_bleu1: 0.5903 val_bleu2: 0.3789 val_bleu3: 0.2432 val_bleu4: 0.1538 val_meteor: 0.38638803324030063
2021-05-15 12:21:26,182 - [train_attntn.py:147-train_step()] - INFO - Epoch [21/50]  train_loss: 2.0923 train_acc: 0.5156
2021-05-15 12:24:48,965 - [train_attntn.py:245-train()] - INFO - Epoch [21/50] train_bleu1: 0.6637 train_bleu2: 0.4706 train_bleu3: 0.3359 train_bleu4: 0.2412 train_meteor: 0.4572804608646109val_bleu1: 0.6008 val_bleu2: 0.3846 val_bleu3: 0.2461 val_bleu4: 0.1555 val_meteor: 0.38600969582138084
2021-05-15 12:36:08,290 - [train_attntn.py:147-train_step()] - INFO - Epoch [22/50]  train_loss: 2.0616 train_acc: 0.5199
2021-05-15 12:39:31,310 - [train_attntn.py:245-train()] - INFO - Epoch [22/50] train_bleu1: 0.6147 train_bleu2: 0.4306 train_bleu3: 0.3041 train_bleu4: 0.2167 train_meteor: 0.4581188503216408val_bleu1: 0.5469 val_bleu2: 0.3448 val_bleu3: 0.2143 val_bleu4: 0.1309 val_meteor: 0.3793189543148944
2021-05-15 12:50:37,145 - [train_attntn.py:147-train_step()] - INFO - Epoch [23/50]  train_loss: 2.0330 train_acc: 0.5233
2021-05-15 12:54:00,802 - [train_attntn.py:245-train()] - INFO - Epoch [23/50] train_bleu1: 0.6573 train_bleu2: 0.4723 train_bleu3: 0.3422 train_bleu4: 0.2500 train_meteor: 0.4794703996282314val_bleu1: 0.5781 val_bleu2: 0.3699 val_bleu3: 0.2356 val_bleu4: 0.1467 val_meteor: 0.39475068401023294
2021-05-15 13:05:03,127 - [train_attntn.py:147-train_step()] - INFO - Epoch [24/50]  train_loss: 2.0052 train_acc: 0.5277
2021-05-15 13:08:21,246 - [train_attntn.py:245-train()] - INFO - Epoch [24/50] train_bleu1: 0.6535 train_bleu2: 0.4638 train_bleu3: 0.3326 train_bleu4: 0.2392 train_meteor: 0.4660557505623137val_bleu1: 0.5872 val_bleu2: 0.3758 val_bleu3: 0.2373 val_bleu4: 0.1474 val_meteor: 0.39001888223115017
2021-05-15 13:19:30,750 - [train_attntn.py:147-train_step()] - INFO - Epoch [25/50]  train_loss: 1.9799 train_acc: 0.5320
2021-05-15 13:22:32,414 - [train_attntn.py:245-train()] - INFO - Epoch [25/50] train_bleu1: 0.6570 train_bleu2: 0.4710 train_bleu3: 0.3406 train_bleu4: 0.2485 train_meteor: 0.47377227854601256val_bleu1: 0.5833 val_bleu2: 0.3729 val_bleu3: 0.2372 val_bleu4: 0.1514 val_meteor: 0.39104361571358404
2021-05-15 13:33:46,023 - [train_attntn.py:147-train_step()] - INFO - Epoch [26/50]  train_loss: 1.9537 train_acc: 0.5347
2021-05-15 13:36:58,613 - [train_attntn.py:245-train()] - INFO - Epoch [26/50] train_bleu1: 0.6855 train_bleu2: 0.4993 train_bleu3: 0.3678 train_bleu4: 0.2732 train_meteor: 0.4700122664772922val_bleu1: 0.5941 val_bleu2: 0.3805 val_bleu3: 0.2424 val_bleu4: 0.1521 val_meteor: 0.37674471282438016
2021-05-15 13:48:25,707 - [train_attntn.py:147-train_step()] - INFO - Epoch [27/50]  train_loss: 1.9276 train_acc: 0.5399
2021-05-15 13:51:44,807 - [train_attntn.py:245-train()] - INFO - Epoch [27/50] train_bleu1: 0.6653 train_bleu2: 0.4825 train_bleu3: 0.3549 train_bleu4: 0.2625 train_meteor: 0.47614133291042676val_bleu1: 0.5794 val_bleu2: 0.3720 val_bleu3: 0.2410 val_bleu4: 0.1539 val_meteor: 0.3825697112704082
2021-05-15 14:02:56,893 - [train_attntn.py:147-train_step()] - INFO - Epoch [28/50]  train_loss: 1.9063 train_acc: 0.5425
2021-05-15 14:06:23,278 - [train_attntn.py:245-train()] - INFO - Epoch [28/50] train_bleu1: 0.6736 train_bleu2: 0.4900 train_bleu3: 0.3598 train_bleu4: 0.2666 train_meteor: 0.4839949318246917val_bleu1: 0.5851 val_bleu2: 0.3725 val_bleu3: 0.2368 val_bleu4: 0.1473 val_meteor: 0.3841355175991688
2021-05-15 14:18:05,132 - [train_attntn.py:147-train_step()] - INFO - Epoch [29/50]  train_loss: 1.8818 train_acc: 0.5466
2021-05-15 14:21:36,883 - [train_attntn.py:245-train()] - INFO - Epoch [29/50] train_bleu1: 0.6753 train_bleu2: 0.4900 train_bleu3: 0.3604 train_bleu4: 0.2672 train_meteor: 0.48572852289716445val_bleu1: 0.5953 val_bleu2: 0.3814 val_bleu3: 0.2468 val_bleu4: 0.1589 val_meteor: 0.3921950460652719
2021-05-15 14:33:05,126 - [train_attntn.py:147-train_step()] - INFO - Epoch [30/50]  train_loss: 1.8600 train_acc: 0.5502
2021-05-15 14:36:27,334 - [train_attntn.py:245-train()] - INFO - Epoch [30/50] train_bleu1: 0.6859 train_bleu2: 0.5046 train_bleu3: 0.3742 train_bleu4: 0.2789 train_meteor: 0.4934523265177208val_bleu1: 0.5952 val_bleu2: 0.3844 val_bleu3: 0.2465 val_bleu4: 0.1569 val_meteor: 0.3948390133024954
2021-05-15 14:47:19,893 - [train_attntn.py:147-train_step()] - INFO - Epoch [31/50]  train_loss: 1.8397 train_acc: 0.5535
2021-05-15 14:50:34,228 - [train_attntn.py:245-train()] - INFO - Epoch [31/50] train_bleu1: 0.6897 train_bleu2: 0.5107 train_bleu3: 0.3817 train_bleu4: 0.2879 train_meteor: 0.49630275026255116val_bleu1: 0.5819 val_bleu2: 0.3741 val_bleu3: 0.2382 val_bleu4: 0.1518 val_meteor: 0.38326830893532016
2021-05-15 15:01:25,386 - [train_attntn.py:147-train_step()] - INFO - Epoch [32/50]  train_loss: 1.8190 train_acc: 0.5577
2021-05-15 15:04:42,861 - [train_attntn.py:245-train()] - INFO - Epoch [32/50] train_bleu1: 0.7048 train_bleu2: 0.5252 train_bleu3: 0.3958 train_bleu4: 0.3009 train_meteor: 0.4939214761866357val_bleu1: 0.6078 val_bleu2: 0.3938 val_bleu3: 0.2542 val_bleu4: 0.1630 val_meteor: 0.38622277450271747
2021-05-15 15:15:47,862 - [train_attntn.py:147-train_step()] - INFO - Epoch [33/50]  train_loss: 1.8018 train_acc: 0.5607
2021-05-15 15:19:05,607 - [train_attntn.py:245-train()] - INFO - Epoch [33/50] train_bleu1: 0.6876 train_bleu2: 0.5078 train_bleu3: 0.3814 train_bleu4: 0.2889 train_meteor: 0.4878619720420508val_bleu1: 0.5882 val_bleu2: 0.3727 val_bleu3: 0.2380 val_bleu4: 0.1519 val_meteor: 0.3822537390410206
2021-05-15 15:29:54,952 - [train_attntn.py:147-train_step()] - INFO - Epoch [34/50]  train_loss: 1.7804 train_acc: 0.5639
2021-05-15 15:33:23,907 - [train_attntn.py:245-train()] - INFO - Epoch [34/50] train_bleu1: 0.6983 train_bleu2: 0.5236 train_bleu3: 0.3979 train_bleu4: 0.3048 train_meteor: 0.49978672563512044val_bleu1: 0.5930 val_bleu2: 0.3832 val_bleu3: 0.2490 val_bleu4: 0.1604 val_meteor: 0.3855410390243205
2021-05-15 15:44:10,236 - [train_attntn.py:147-train_step()] - INFO - Epoch [35/50]  train_loss: 1.7622 train_acc: 0.5674
2021-05-15 15:47:27,892 - [train_attntn.py:245-train()] - INFO - Epoch [35/50] train_bleu1: 0.6851 train_bleu2: 0.5004 train_bleu3: 0.3722 train_bleu4: 0.2803 train_meteor: 0.4835517094345817val_bleu1: 0.5884 val_bleu2: 0.3729 val_bleu3: 0.2375 val_bleu4: 0.1480 val_meteor: 0.379622950384622
2021-05-15 15:58:22,260 - [train_attntn.py:147-train_step()] - INFO - Epoch [36/50]  train_loss: 1.7432 train_acc: 0.5702
2021-05-15 16:01:39,923 - [train_attntn.py:245-train()] - INFO - Epoch [36/50] train_bleu1: 0.6909 train_bleu2: 0.5154 train_bleu3: 0.3901 train_bleu4: 0.2995 train_meteor: 0.5075792298764131val_bleu1: 0.5842 val_bleu2: 0.3721 val_bleu3: 0.2386 val_bleu4: 0.1530 val_meteor: 0.38724968663943926
2021-05-15 16:11:50,301 - [train_attntn.py:147-train_step()] - INFO - Epoch [37/50]  train_loss: 1.7242 train_acc: 0.5733
2021-05-15 16:14:51,738 - [train_attntn.py:245-train()] - INFO - Epoch [37/50] train_bleu1: 0.6888 train_bleu2: 0.5122 train_bleu3: 0.3865 train_bleu4: 0.2956 train_meteor: 0.4996572444884225val_bleu1: 0.5871 val_bleu2: 0.3782 val_bleu3: 0.2456 val_bleu4: 0.1593 val_meteor: 0.3901867053982263
2021-05-15 16:25:25,331 - [train_attntn.py:147-train_step()] - INFO - Epoch [38/50]  train_loss: 1.7058 train_acc: 0.5758
2021-05-15 16:28:44,078 - [train_attntn.py:245-train()] - INFO - Epoch [38/50] train_bleu1: 0.7097 train_bleu2: 0.5399 train_bleu3: 0.4173 train_bleu4: 0.3258 train_meteor: 0.5111840695311198val_bleu1: 0.5952 val_bleu2: 0.3846 val_bleu3: 0.2497 val_bleu4: 0.1592 val_meteor: 0.3881508914676908
2021-05-15 16:39:46,396 - [train_attntn.py:147-train_step()] - INFO - Epoch [39/50]  train_loss: 1.6862 train_acc: 0.5801
2021-05-15 16:43:00,285 - [train_attntn.py:245-train()] - INFO - Epoch [39/50] train_bleu1: 0.6956 train_bleu2: 0.5238 train_bleu3: 0.4013 train_bleu4: 0.3113 train_meteor: 0.5122363982529393val_bleu1: 0.5789 val_bleu2: 0.3688 val_bleu3: 0.2373 val_bleu4: 0.1521 val_meteor: 0.3899067769688652
2021-05-15 16:53:21,498 - [train_attntn.py:147-train_step()] - INFO - Epoch [40/50]  train_loss: 1.6713 train_acc: 0.5821
2021-05-15 16:56:31,128 - [train_attntn.py:245-train()] - INFO - Epoch [40/50] train_bleu1: 0.6776 train_bleu2: 0.4986 train_bleu3: 0.3736 train_bleu4: 0.2843 train_meteor: 0.4966559057732435val_bleu1: 0.5887 val_bleu2: 0.3730 val_bleu3: 0.2378 val_bleu4: 0.1504 val_meteor: 0.3885093651883834
2021-05-15 17:06:49,911 - [train_attntn.py:147-train_step()] - INFO - Epoch [41/50]  train_loss: 1.6566 train_acc: 0.5852
2021-05-15 17:09:15,618 - [train_attntn.py:245-train()] - INFO - Epoch [41/50] train_bleu1: 0.6903 train_bleu2: 0.5164 train_bleu3: 0.3927 train_bleu4: 0.3035 train_meteor: 0.5098057308343603val_bleu1: 0.5720 val_bleu2: 0.3610 val_bleu3: 0.2248 val_bleu4: 0.1397 val_meteor: 0.37959649057672906
2021-05-15 17:18:20,580 - [train_attntn.py:147-train_step()] - INFO - Epoch [42/50]  train_loss: 1.6344 train_acc: 0.5889
2021-05-15 17:21:25,731 - [train_attntn.py:245-train()] - INFO - Epoch [42/50] train_bleu1: 0.6810 train_bleu2: 0.5071 train_bleu3: 0.3863 train_bleu4: 0.2986 train_meteor: 0.5133453866552615val_bleu1: 0.5693 val_bleu2: 0.3627 val_bleu3: 0.2318 val_bleu4: 0.1477 val_meteor: 0.3924837961524324
2021-05-15 17:33:06,215 - [train_attntn.py:147-train_step()] - INFO - Epoch [43/50]  train_loss: 1.6256 train_acc: 0.5914
2021-05-15 17:37:02,733 - [train_attntn.py:245-train()] - INFO - Epoch [43/50] train_bleu1: 0.6766 train_bleu2: 0.5005 train_bleu3: 0.3771 train_bleu4: 0.2886 train_meteor: 0.5116318980638672val_bleu1: 0.5736 val_bleu2: 0.3633 val_bleu3: 0.2326 val_bleu4: 0.1504 val_meteor: 0.396661940011215
2021-05-15 17:48:04,517 - [train_attntn.py:147-train_step()] - INFO - Epoch [44/50]  train_loss: 1.6066 train_acc: 0.5941
2021-05-15 17:51:29,723 - [train_attntn.py:245-train()] - INFO - Epoch [44/50] train_bleu1: 0.7031 train_bleu2: 0.5320 train_bleu3: 0.4096 train_bleu4: 0.3202 train_meteor: 0.5138581787133388val_bleu1: 0.5818 val_bleu2: 0.3739 val_bleu3: 0.2408 val_bleu4: 0.1548 val_meteor: 0.38402417400356514
2021-05-15 18:02:36,775 - [train_attntn.py:147-train_step()] - INFO - Epoch [45/50]  train_loss: 1.5911 train_acc: 0.5971
2021-05-15 18:05:46,287 - [train_attntn.py:245-train()] - INFO - Epoch [45/50] train_bleu1: 0.6947 train_bleu2: 0.5274 train_bleu3: 0.4093 train_bleu4: 0.3228 train_meteor: 0.519798688764452val_bleu1: 0.5687 val_bleu2: 0.3615 val_bleu3: 0.2312 val_bleu4: 0.1487 val_meteor: 0.386444460012939
2021-05-15 18:13:55,412 - [train_attntn.py:147-train_step()] - INFO - Epoch [46/50]  train_loss: 1.5753 train_acc: 0.5993
2021-05-15 18:16:14,227 - [train_attntn.py:245-train()] - INFO - Epoch [46/50] train_bleu1: 0.7087 train_bleu2: 0.5395 train_bleu3: 0.4182 train_bleu4: 0.3286 train_meteor: 0.5168098731698415val_bleu1: 0.5878 val_bleu2: 0.3748 val_bleu3: 0.2389 val_bleu4: 0.1513 val_meteor: 0.3824191828412457
2021-05-15 18:23:59,177 - [train_attntn.py:147-train_step()] - INFO - Epoch [47/50]  train_loss: 1.5615 train_acc: 0.6029
2021-05-15 18:26:15,886 - [train_attntn.py:245-train()] - INFO - Epoch [47/50] train_bleu1: 0.7223 train_bleu2: 0.5518 train_bleu3: 0.4298 train_bleu4: 0.3399 train_meteor: 0.515946491520456val_bleu1: 0.5971 val_bleu2: 0.3814 val_bleu3: 0.2428 val_bleu4: 0.1524 val_meteor: 0.3824663950851961
2021-05-15 18:34:17,544 - [train_attntn.py:147-train_step()] - INFO - Epoch [48/50]  train_loss: 1.5498 train_acc: 0.6044
2021-05-15 18:36:43,020 - [train_attntn.py:245-train()] - INFO - Epoch [48/50] train_bleu1: 0.6890 train_bleu2: 0.5213 train_bleu3: 0.4020 train_bleu4: 0.3151 train_meteor: 0.5257480790137855val_bleu1: 0.5676 val_bleu2: 0.3614 val_bleu3: 0.2311 val_bleu4: 0.1480 val_meteor: 0.39542531065460107
2021-05-15 18:44:21,483 - [train_attntn.py:147-train_step()] - INFO - Epoch [49/50]  train_loss: 1.5375 train_acc: 0.6080
2021-05-15 18:46:40,063 - [train_attntn.py:245-train()] - INFO - Epoch [49/50] train_bleu1: 0.7091 train_bleu2: 0.5412 train_bleu3: 0.4216 train_bleu4: 0.3337 train_meteor: 0.5169129614833056val_bleu1: 0.5775 val_bleu2: 0.3627 val_bleu3: 0.2312 val_bleu4: 0.1486 val_meteor: 0.37821482276755386
2021-05-15 18:54:35,245 - [train_attntn.py:147-train_step()] - INFO - Epoch [50/50]  train_loss: 1.5236 train_acc: 0.6098
2021-05-15 18:57:04,712 - [train_attntn.py:245-train()] - INFO - Epoch [50/50] train_bleu1: 0.7111 train_bleu2: 0.5454 train_bleu3: 0.4275 train_bleu4: 0.3407 train_meteor: 0.5260768789130001val_bleu1: 0.5809 val_bleu2: 0.3696 val_bleu3: 0.2362 val_bleu4: 0.1496 val_meteor: 0.39024582713424116
