2021-05-05 17:28:26,951 - [train_attntn.py:25-<module>()] - INFO - Start Initialization
2021-05-05 17:28:27,038 - [train_attntn.py:49-parepareDataset()] - INFO - Prepare dataset for training
2021-05-05 17:28:43,736 - [train_attntn.py:92-parepareDataset()] - INFO - Dataset Preparation Complete
2021-05-05 17:28:43,736 - [train_attntn.py:99-prepareLoader()] - INFO - Prepare dataloader for training
2021-05-05 17:28:43,737 - [train_attntn.py:111-prepareLoader()] - INFO - Dataloader Preparation Complete
2021-05-05 17:28:43,737 - [glove.py:22-embedding_matrix_creator()] - INFO - Preparing embedding matrix
2021-05-05 17:29:19,809 - [glove.py:32-embedding_matrix_creator()] - INFO - Finish embedding matrix preparation
2021-05-05 17:29:23,101 - [train_attntn.py:233-train()] - INFO - Start training
2021-05-05 17:38:42,574 - [train_attntn.py:146-train_step()] - INFO - Epoch [1/50]  train_loss: 4.0017 train_acc: 0.3280
2021-05-05 17:41:55,768 - [train_attntn.py:191-evaluate_model()] - INFO - val_loss: 2.4447 val_acc: 0.0000
2021-05-05 17:41:55,769 - [train_attntn.py:257-train()] - INFO - Epoch [1/50] train_bleu1: 0.5530 train_bleu2: 0.3194 train_bleu3: 0.1770 train_bleu4: 0.0982 train_meteor: 0.30355681336128243val_bleu1: 0.5477 val_bleu2: 0.3100 val_bleu3: 0.1665 val_bleu4: 0.0882 val_meteor: 0.2946181880812798
2021-05-05 17:52:40,490 - [train_attntn.py:146-train_step()] - INFO - Epoch [2/50]  train_loss: 3.3821 train_acc: 0.3826
2021-05-05 17:55:50,965 - [train_attntn.py:191-evaluate_model()] - INFO - val_loss: 2.5220 val_acc: 0.0000
2021-05-05 17:55:50,965 - [train_attntn.py:257-train()] - INFO - Epoch [2/50] train_bleu1: 0.4999 train_bleu2: 0.2959 train_bleu3: 0.1752 train_bleu4: 0.1020 train_meteor: 0.3272227584868738val_bleu1: 0.4997 val_bleu2: 0.2899 val_bleu3: 0.1684 val_bleu4: 0.0954 val_meteor: 0.3190439535444365
2021-05-05 18:05:44,701 - [train_attntn.py:146-train_step()] - INFO - Epoch [3/50]  train_loss: 3.1675 train_acc: 0.4010
2021-05-05 18:09:07,688 - [train_attntn.py:191-evaluate_model()] - INFO - val_loss: 2.5469 val_acc: 0.0000
2021-05-05 18:09:07,689 - [train_attntn.py:257-train()] - INFO - Epoch [3/50] train_bleu1: 0.5753 train_bleu2: 0.3518 train_bleu3: 0.2159 train_bleu4: 0.1318 train_meteor: 0.3506482913399346val_bleu1: 0.5642 val_bleu2: 0.3355 val_bleu3: 0.2011 val_bleu4: 0.1202 val_meteor: 0.33559737515849347
2021-05-05 18:20:58,049 - [train_attntn.py:146-train_step()] - INFO - Epoch [4/50]  train_loss: 3.0233 train_acc: 0.4134
2021-05-05 18:24:02,644 - [train_attntn.py:191-evaluate_model()] - INFO - val_loss: 2.7163 val_acc: 0.0000
2021-05-05 18:24:02,644 - [train_attntn.py:257-train()] - INFO - Epoch [4/50] train_bleu1: 0.5704 train_bleu2: 0.3467 train_bleu3: 0.2130 train_bleu4: 0.1275 train_meteor: 0.3507621443725883val_bleu1: 0.5623 val_bleu2: 0.3349 val_bleu3: 0.2024 val_bleu4: 0.1191 val_meteor: 0.33450966072153965
2021-05-05 18:34:57,946 - [train_attntn.py:146-train_step()] - INFO - Epoch [5/50]  train_loss: 2.9171 train_acc: 0.4230
2021-05-05 18:37:45,338 - [train_attntn.py:191-evaluate_model()] - INFO - val_loss: 2.7695 val_acc: 0.0000
2021-05-05 18:37:45,339 - [train_attntn.py:257-train()] - INFO - Epoch [5/50] train_bleu1: 0.5847 train_bleu2: 0.3711 train_bleu3: 0.2363 train_bleu4: 0.1498 train_meteor: 0.3666804026939238val_bleu1: 0.5718 val_bleu2: 0.3519 val_bleu3: 0.2147 val_bleu4: 0.1276 val_meteor: 0.34496473501952546
2021-05-05 18:49:16,271 - [train_attntn.py:146-train_step()] - INFO - Epoch [6/50]  train_loss: 2.8241 train_acc: 0.4312
2021-05-05 18:51:49,309 - [train_attntn.py:191-evaluate_model()] - INFO - val_loss: 3.0297 val_acc: 0.0000
2021-05-05 18:51:49,309 - [train_attntn.py:257-train()] - INFO - Epoch [6/50] train_bleu1: 0.5895 train_bleu2: 0.3728 train_bleu3: 0.2371 train_bleu4: 0.1517 train_meteor: 0.3744101081721172val_bleu1: 0.5693 val_bleu2: 0.3456 val_bleu3: 0.2094 val_bleu4: 0.1228 val_meteor: 0.35119695448572485
2021-05-05 19:00:49,865 - [train_attntn.py:146-train_step()] - INFO - Epoch [7/50]  train_loss: 2.7462 train_acc: 0.4383
2021-05-05 19:03:32,369 - [train_attntn.py:191-evaluate_model()] - INFO - val_loss: 3.0907 val_acc: 0.0000
2021-05-05 19:03:32,370 - [train_attntn.py:257-train()] - INFO - Epoch [7/50] train_bleu1: 0.5883 train_bleu2: 0.3739 train_bleu3: 0.2402 train_bleu4: 0.1546 train_meteor: 0.362954140141152val_bleu1: 0.5730 val_bleu2: 0.3501 val_bleu3: 0.2182 val_bleu4: 0.1359 val_meteor: 0.3437962665643417
2021-05-05 19:12:15,966 - [train_attntn.py:146-train_step()] - INFO - Epoch [8/50]  train_loss: 2.6816 train_acc: 0.4451
2021-05-05 19:14:53,313 - [train_attntn.py:191-evaluate_model()] - INFO - val_loss: 3.1052 val_acc: 0.0000
2021-05-05 19:14:53,314 - [train_attntn.py:257-train()] - INFO - Epoch [8/50] train_bleu1: 0.5765 train_bleu2: 0.3702 train_bleu3: 0.2375 train_bleu4: 0.1514 train_meteor: 0.38578021350131203val_bleu1: 0.5497 val_bleu2: 0.3367 val_bleu3: 0.2026 val_bleu4: 0.1201 val_meteor: 0.35855907980521085
2021-05-05 19:22:41,104 - [train_attntn.py:146-train_step()] - INFO - Epoch [9/50]  train_loss: 2.6181 train_acc: 0.4523
2021-05-05 19:25:22,698 - [train_attntn.py:191-evaluate_model()] - INFO - val_loss: 3.2435 val_acc: 0.0000
2021-05-05 19:25:22,698 - [train_attntn.py:257-train()] - INFO - Epoch [9/50] train_bleu1: 0.5732 train_bleu2: 0.3723 train_bleu3: 0.2418 train_bleu4: 0.1579 train_meteor: 0.3933635337603271val_bleu1: 0.5489 val_bleu2: 0.3410 val_bleu3: 0.2128 val_bleu4: 0.1319 val_meteor: 0.3654513451771634
2021-05-05 19:34:48,571 - [train_attntn.py:146-train_step()] - INFO - Epoch [10/50]  train_loss: 2.5680 train_acc: 0.4569
2021-05-05 19:38:11,626 - [train_attntn.py:191-evaluate_model()] - INFO - val_loss: 3.2468 val_acc: 0.0000
2021-05-05 19:38:11,626 - [train_attntn.py:257-train()] - INFO - Epoch [10/50] train_bleu1: 0.6002 train_bleu2: 0.3935 train_bleu3: 0.2603 train_bleu4: 0.1719 train_meteor: 0.3926023074799315val_bleu1: 0.5792 val_bleu2: 0.3640 val_bleu3: 0.2317 val_bleu4: 0.1460 val_meteor: 0.3642476153825573
2021-05-05 19:48:35,553 - [train_attntn.py:146-train_step()] - INFO - Epoch [11/50]  train_loss: 2.5161 train_acc: 0.4631
2021-05-05 19:51:37,795 - [train_attntn.py:191-evaluate_model()] - INFO - val_loss: 3.3915 val_acc: 0.0000
2021-05-05 19:51:37,798 - [train_attntn.py:257-train()] - INFO - Epoch [11/50] train_bleu1: 0.6176 train_bleu2: 0.4050 train_bleu3: 0.2688 train_bleu4: 0.1795 train_meteor: 0.40268637642890365val_bleu1: 0.5903 val_bleu2: 0.3694 val_bleu3: 0.2339 val_bleu4: 0.1478 val_meteor: 0.36725923323509013
2021-05-05 20:01:08,639 - [train_attntn.py:146-train_step()] - INFO - Epoch [12/50]  train_loss: 2.4704 train_acc: 0.4684
2021-05-05 20:03:43,881 - [train_attntn.py:191-evaluate_model()] - INFO - val_loss: 3.3814 val_acc: 0.0000
2021-05-05 20:03:43,882 - [train_attntn.py:257-train()] - INFO - Epoch [12/50] train_bleu1: 0.6130 train_bleu2: 0.4098 train_bleu3: 0.2752 train_bleu4: 0.1851 train_meteor: 0.40868629391111977val_bleu1: 0.5726 val_bleu2: 0.3610 val_bleu3: 0.2272 val_bleu4: 0.1425 val_meteor: 0.3691955770263606
2021-05-05 20:12:10,954 - [train_attntn.py:146-train_step()] - INFO - Epoch [13/50]  train_loss: 2.4264 train_acc: 0.4723
2021-05-05 20:14:50,149 - [train_attntn.py:191-evaluate_model()] - INFO - val_loss: 3.6272 val_acc: 0.0000
2021-05-05 20:14:50,149 - [train_attntn.py:257-train()] - INFO - Epoch [13/50] train_bleu1: 0.6158 train_bleu2: 0.4140 train_bleu3: 0.2811 train_bleu4: 0.1910 train_meteor: 0.4150878723053257val_bleu1: 0.5782 val_bleu2: 0.3658 val_bleu3: 0.2324 val_bleu4: 0.1473 val_meteor: 0.3709848915641048
2021-05-05 20:23:12,375 - [train_attntn.py:146-train_step()] - INFO - Epoch [14/50]  train_loss: 2.3858 train_acc: 0.4766
2021-05-05 20:25:46,410 - [train_attntn.py:191-evaluate_model()] - INFO - val_loss: 3.7188 val_acc: 0.0000
2021-05-05 20:25:46,411 - [train_attntn.py:257-train()] - INFO - Epoch [14/50] train_bleu1: 0.6343 train_bleu2: 0.4258 train_bleu3: 0.2901 train_bleu4: 0.1984 train_meteor: 0.4128739833810427val_bleu1: 0.5896 val_bleu2: 0.3635 val_bleu3: 0.2261 val_bleu4: 0.1386 val_meteor: 0.36002762416601186
2021-05-05 20:34:08,484 - [train_attntn.py:146-train_step()] - INFO - Epoch [15/50]  train_loss: 2.3480 train_acc: 0.4823
2021-05-05 20:36:50,969 - [train_attntn.py:191-evaluate_model()] - INFO - val_loss: 3.7300 val_acc: 0.0000
2021-05-05 20:36:50,970 - [train_attntn.py:257-train()] - INFO - Epoch [15/50] train_bleu1: 0.6338 train_bleu2: 0.4288 train_bleu3: 0.2947 train_bleu4: 0.2043 train_meteor: 0.418838380416511val_bleu1: 0.5786 val_bleu2: 0.3536 val_bleu3: 0.2181 val_bleu4: 0.1324 val_meteor: 0.35949402188710816
2021-05-05 20:45:16,704 - [train_attntn.py:146-train_step()] - INFO - Epoch [16/50]  train_loss: 2.3117 train_acc: 0.4867
2021-05-05 20:47:56,732 - [train_attntn.py:191-evaluate_model()] - INFO - val_loss: 3.8889 val_acc: 0.0000
2021-05-05 20:47:56,733 - [train_attntn.py:257-train()] - INFO - Epoch [16/50] train_bleu1: 0.6342 train_bleu2: 0.4330 train_bleu3: 0.2982 train_bleu4: 0.2067 train_meteor: 0.408559760131963val_bleu1: 0.5822 val_bleu2: 0.3647 val_bleu3: 0.2304 val_bleu4: 0.1447 val_meteor: 0.35339145643147135
2021-05-05 20:56:18,936 - [train_attntn.py:146-train_step()] - INFO - Epoch [17/50]  train_loss: 2.2783 train_acc: 0.4907
2021-05-05 20:58:55,256 - [train_attntn.py:191-evaluate_model()] - INFO - val_loss: 3.8184 val_acc: 0.0000
2021-05-05 20:58:55,256 - [train_attntn.py:257-train()] - INFO - Epoch [17/50] train_bleu1: 0.6186 train_bleu2: 0.4201 train_bleu3: 0.2895 train_bleu4: 0.2015 train_meteor: 0.43294556623574293val_bleu1: 0.5650 val_bleu2: 0.3488 val_bleu3: 0.2165 val_bleu4: 0.1322 val_meteor: 0.37176757501101126
2021-05-05 21:07:15,578 - [train_attntn.py:146-train_step()] - INFO - Epoch [18/50]  train_loss: 2.2448 train_acc: 0.4949
2021-05-05 21:09:50,027 - [train_attntn.py:191-evaluate_model()] - INFO - val_loss: 3.9840 val_acc: 0.0000
2021-05-05 21:09:50,028 - [train_attntn.py:257-train()] - INFO - Epoch [18/50] train_bleu1: 0.6424 train_bleu2: 0.4414 train_bleu3: 0.3057 train_bleu4: 0.2108 train_meteor: 0.4397151714452682val_bleu1: 0.5848 val_bleu2: 0.3674 val_bleu3: 0.2315 val_bleu4: 0.1454 val_meteor: 0.3715082056788283
2021-05-05 21:18:22,609 - [train_attntn.py:146-train_step()] - INFO - Epoch [19/50]  train_loss: 2.2178 train_acc: 0.4989
2021-05-05 21:21:04,031 - [train_attntn.py:191-evaluate_model()] - INFO - val_loss: 3.9296 val_acc: 0.0000
2021-05-05 21:21:04,032 - [train_attntn.py:257-train()] - INFO - Epoch [19/50] train_bleu1: 0.6021 train_bleu2: 0.4072 train_bleu3: 0.2795 train_bleu4: 0.1934 train_meteor: 0.4283091363135389val_bleu1: 0.5491 val_bleu2: 0.3372 val_bleu3: 0.2075 val_bleu4: 0.1258 val_meteor: 0.36108860140953625
2021-05-05 21:29:18,470 - [train_attntn.py:146-train_step()] - INFO - Epoch [20/50]  train_loss: 2.1833 train_acc: 0.5037
2021-05-05 21:32:13,870 - [train_attntn.py:191-evaluate_model()] - INFO - val_loss: 3.9906 val_acc: 0.0000
2021-05-05 21:32:13,871 - [train_attntn.py:257-train()] - INFO - Epoch [20/50] train_bleu1: 0.6369 train_bleu2: 0.4428 train_bleu3: 0.3124 train_bleu4: 0.2223 train_meteor: 0.434005158703815val_bleu1: 0.5758 val_bleu2: 0.3563 val_bleu3: 0.2248 val_bleu4: 0.1397 val_meteor: 0.36245954477445763
2021-05-05 21:40:29,721 - [train_attntn.py:146-train_step()] - INFO - Epoch [21/50]  train_loss: 2.1558 train_acc: 0.5071
2021-05-05 21:43:10,297 - [train_attntn.py:191-evaluate_model()] - INFO - val_loss: 4.1112 val_acc: 0.0000
2021-05-05 21:43:10,298 - [train_attntn.py:257-train()] - INFO - Epoch [21/50] train_bleu1: 0.6097 train_bleu2: 0.4220 train_bleu3: 0.2968 train_bleu4: 0.2092 train_meteor: 0.4447134273923742val_bleu1: 0.5606 val_bleu2: 0.3538 val_bleu3: 0.2244 val_bleu4: 0.1392 val_meteor: 0.3774244897693819
2021-05-05 21:51:32,633 - [train_attntn.py:146-train_step()] - INFO - Epoch [22/50]  train_loss: 2.1265 train_acc: 0.5113
2021-05-05 21:54:11,679 - [train_attntn.py:191-evaluate_model()] - INFO - val_loss: 4.3068 val_acc: 0.0000
2021-05-05 21:54:11,680 - [train_attntn.py:257-train()] - INFO - Epoch [22/50] train_bleu1: 0.6341 train_bleu2: 0.4370 train_bleu3: 0.3063 train_bleu4: 0.2162 train_meteor: 0.43537981897162814val_bleu1: 0.5670 val_bleu2: 0.3498 val_bleu3: 0.2187 val_bleu4: 0.1390 val_meteor: 0.36663784080365147
2021-05-05 22:02:04,295 - [train_attntn.py:146-train_step()] - INFO - Epoch [23/50]  train_loss: 2.0981 train_acc: 0.5152
2021-05-05 22:04:34,030 - [train_attntn.py:191-evaluate_model()] - INFO - val_loss: 4.4819 val_acc: 0.0000
2021-05-05 22:04:34,031 - [train_attntn.py:257-train()] - INFO - Epoch [23/50] train_bleu1: 0.6448 train_bleu2: 0.4553 train_bleu3: 0.3225 train_bleu4: 0.2294 train_meteor: 0.45013943328770273val_bleu1: 0.5779 val_bleu2: 0.3634 val_bleu3: 0.2263 val_bleu4: 0.1424 val_meteor: 0.3721540264268315
2021-05-05 22:12:16,000 - [train_attntn.py:146-train_step()] - INFO - Epoch [24/50]  train_loss: 2.0719 train_acc: 0.5183
2021-05-05 22:14:43,046 - [train_attntn.py:191-evaluate_model()] - INFO - val_loss: 4.4166 val_acc: 0.0000
2021-05-05 22:14:43,046 - [train_attntn.py:257-train()] - INFO - Epoch [24/50] train_bleu1: 0.6167 train_bleu2: 0.4322 train_bleu3: 0.3066 train_bleu4: 0.2196 train_meteor: 0.44927017801506025val_bleu1: 0.5421 val_bleu2: 0.3404 val_bleu3: 0.2168 val_bleu4: 0.1403 val_meteor: 0.3747215663625337
2021-05-05 22:22:28,380 - [train_attntn.py:146-train_step()] - INFO - Epoch [25/50]  train_loss: 2.0456 train_acc: 0.5230
2021-05-05 22:24:55,930 - [train_attntn.py:191-evaluate_model()] - INFO - val_loss: 4.4361 val_acc: 0.0000
2021-05-05 22:24:55,931 - [train_attntn.py:257-train()] - INFO - Epoch [25/50] train_bleu1: 0.6574 train_bleu2: 0.4642 train_bleu3: 0.3335 train_bleu4: 0.2417 train_meteor: 0.4518658015230488val_bleu1: 0.5909 val_bleu2: 0.3718 val_bleu3: 0.2366 val_bleu4: 0.1499 val_meteor: 0.36992212167146327
2021-05-05 22:33:02,457 - [train_attntn.py:146-train_step()] - INFO - Epoch [26/50]  train_loss: 2.0233 train_acc: 0.5251
2021-05-05 22:35:40,358 - [train_attntn.py:191-evaluate_model()] - INFO - val_loss: 4.5685 val_acc: 0.0000
2021-05-05 22:35:40,360 - [train_attntn.py:257-train()] - INFO - Epoch [26/50] train_bleu1: 0.6500 train_bleu2: 0.4635 train_bleu3: 0.3357 train_bleu4: 0.2455 train_meteor: 0.46098918788586435val_bleu1: 0.5717 val_bleu2: 0.3581 val_bleu3: 0.2256 val_bleu4: 0.1406 val_meteor: 0.37461506309449083
2021-05-05 22:43:35,601 - [train_attntn.py:146-train_step()] - INFO - Epoch [27/50]  train_loss: 1.9997 train_acc: 0.5290
2021-05-05 22:46:05,967 - [train_attntn.py:191-evaluate_model()] - INFO - val_loss: 4.4210 val_acc: 0.0000
2021-05-05 22:46:05,968 - [train_attntn.py:257-train()] - INFO - Epoch [27/50] train_bleu1: 0.6111 train_bleu2: 0.4303 train_bleu3: 0.3085 train_bleu4: 0.2240 train_meteor: 0.46466558464464863val_bleu1: 0.5429 val_bleu2: 0.3359 val_bleu3: 0.2090 val_bleu4: 0.1290 val_meteor: 0.37578114256776074
2021-05-05 22:53:47,766 - [train_attntn.py:146-train_step()] - INFO - Epoch [28/50]  train_loss: 1.9779 train_acc: 0.5321
2021-05-05 22:56:15,207 - [train_attntn.py:191-evaluate_model()] - INFO - val_loss: 4.7613 val_acc: 0.0000
2021-05-05 22:56:15,208 - [train_attntn.py:257-train()] - INFO - Epoch [28/50] train_bleu1: 0.6605 train_bleu2: 0.4745 train_bleu3: 0.3464 train_bleu4: 0.2548 train_meteor: 0.46249373711681585val_bleu1: 0.5765 val_bleu2: 0.3631 val_bleu3: 0.2310 val_bleu4: 0.1468 val_meteor: 0.3708354151605793
2021-05-05 23:04:04,828 - [train_attntn.py:146-train_step()] - INFO - Epoch [29/50]  train_loss: 1.9544 train_acc: 0.5357
2021-05-05 23:06:42,040 - [train_attntn.py:191-evaluate_model()] - INFO - val_loss: 4.8162 val_acc: 0.0000
2021-05-05 23:06:42,041 - [train_attntn.py:257-train()] - INFO - Epoch [29/50] train_bleu1: 0.6565 train_bleu2: 0.4712 train_bleu3: 0.3437 train_bleu4: 0.2522 train_meteor: 0.4623995103733128val_bleu1: 0.5767 val_bleu2: 0.3632 val_bleu3: 0.2309 val_bleu4: 0.1448 val_meteor: 0.37028526907824133
2021-05-05 23:14:25,782 - [train_attntn.py:146-train_step()] - INFO - Epoch [30/50]  train_loss: 1.9340 train_acc: 0.5393
2021-05-05 23:16:55,962 - [train_attntn.py:191-evaluate_model()] - INFO - val_loss: 4.8148 val_acc: 0.0000
2021-05-05 23:16:55,963 - [train_attntn.py:257-train()] - INFO - Epoch [30/50] train_bleu1: 0.6462 train_bleu2: 0.4597 train_bleu3: 0.3328 train_bleu4: 0.2445 train_meteor: 0.4730882502085629val_bleu1: 0.5671 val_bleu2: 0.3503 val_bleu3: 0.2153 val_bleu4: 0.1322 val_meteor: 0.38026530445632495
2021-05-05 23:25:01,864 - [train_attntn.py:146-train_step()] - INFO - Epoch [31/50]  train_loss: 1.9147 train_acc: 0.5419
2021-05-05 23:27:55,000 - [train_attntn.py:191-evaluate_model()] - INFO - val_loss: 4.9852 val_acc: 0.0000
2021-05-05 23:27:55,002 - [train_attntn.py:257-train()] - INFO - Epoch [31/50] train_bleu1: 0.6599 train_bleu2: 0.4750 train_bleu3: 0.3475 train_bleu4: 0.2568 train_meteor: 0.4757899887802834val_bleu1: 0.5787 val_bleu2: 0.3621 val_bleu3: 0.2265 val_bleu4: 0.1416 val_meteor: 0.37624867605050305
2021-05-05 23:36:19,339 - [train_attntn.py:146-train_step()] - INFO - Epoch [32/50]  train_loss: 1.8918 train_acc: 0.5464
2021-05-05 23:39:23,138 - [train_attntn.py:191-evaluate_model()] - INFO - val_loss: 4.9273 val_acc: 0.0000
2021-05-05 23:39:23,139 - [train_attntn.py:257-train()] - INFO - Epoch [32/50] train_bleu1: 0.6726 train_bleu2: 0.4853 train_bleu3: 0.3575 train_bleu4: 0.2660 train_meteor: 0.46687854950636737val_bleu1: 0.5868 val_bleu2: 0.3632 val_bleu3: 0.2266 val_bleu4: 0.1400 val_meteor: 0.3701270667213467
2021-05-05 23:46:54,144 - [train_attntn.py:146-train_step()] - INFO - Epoch [33/50]  train_loss: 1.8754 train_acc: 0.5476
2021-05-05 23:49:16,720 - [train_attntn.py:191-evaluate_model()] - INFO - val_loss: 5.2383 val_acc: 0.0000
2021-05-05 23:49:16,720 - [train_attntn.py:257-train()] - INFO - Epoch [33/50] train_bleu1: 0.6627 train_bleu2: 0.4799 train_bleu3: 0.3540 train_bleu4: 0.2647 train_meteor: 0.47794019654108383val_bleu1: 0.5776 val_bleu2: 0.3647 val_bleu3: 0.2320 val_bleu4: 0.1488 val_meteor: 0.38087091105102133
2021-05-05 23:57:14,970 - [train_attntn.py:146-train_step()] - INFO - Epoch [34/50]  train_loss: 1.8606 train_acc: 0.5510
2021-05-05 23:59:50,099 - [train_attntn.py:191-evaluate_model()] - INFO - val_loss: 5.0878 val_acc: 0.0000
2021-05-05 23:59:50,099 - [train_attntn.py:257-train()] - INFO - Epoch [34/50] train_bleu1: 0.6673 train_bleu2: 0.4877 train_bleu3: 0.3637 train_bleu4: 0.2752 train_meteor: 0.4728350412535492val_bleu1: 0.5766 val_bleu2: 0.3614 val_bleu3: 0.2296 val_bleu4: 0.1454 val_meteor: 0.36604000555605076
2021-05-06 00:08:06,132 - [train_attntn.py:146-train_step()] - INFO - Epoch [35/50]  train_loss: 1.8365 train_acc: 0.5548
2021-05-06 00:10:48,824 - [train_attntn.py:191-evaluate_model()] - INFO - val_loss: 4.9685 val_acc: 0.0000
2021-05-06 00:10:48,825 - [train_attntn.py:257-train()] - INFO - Epoch [35/50] train_bleu1: 0.6512 train_bleu2: 0.4722 train_bleu3: 0.3497 train_bleu4: 0.2626 train_meteor: 0.48147584532947474val_bleu1: 0.5559 val_bleu2: 0.3483 val_bleu3: 0.2230 val_bleu4: 0.1435 val_meteor: 0.36857111217580024
2021-05-06 00:18:50,900 - [train_attntn.py:146-train_step()] - INFO - Epoch [36/50]  train_loss: 1.8162 train_acc: 0.5568
2021-05-06 00:21:27,603 - [train_attntn.py:191-evaluate_model()] - INFO - val_loss: 5.2365 val_acc: 0.0000
2021-05-06 00:21:27,605 - [train_attntn.py:257-train()] - INFO - Epoch [36/50] train_bleu1: 0.6708 train_bleu2: 0.4910 train_bleu3: 0.3667 train_bleu4: 0.2768 train_meteor: 0.47210948262717967val_bleu1: 0.5704 val_bleu2: 0.3564 val_bleu3: 0.2268 val_bleu4: 0.1435 val_meteor: 0.3620551062215109
2021-05-06 00:29:36,100 - [train_attntn.py:146-train_step()] - INFO - Epoch [37/50]  train_loss: 1.8035 train_acc: 0.5599
2021-05-06 00:32:07,752 - [train_attntn.py:191-evaluate_model()] - INFO - val_loss: 5.4856 val_acc: 0.0000
2021-05-06 00:32:07,753 - [train_attntn.py:257-train()] - INFO - Epoch [37/50] train_bleu1: 0.6807 train_bleu2: 0.4985 train_bleu3: 0.3722 train_bleu4: 0.2815 train_meteor: 0.48348293196479164val_bleu1: 0.5786 val_bleu2: 0.3637 val_bleu3: 0.2309 val_bleu4: 0.1454 val_meteor: 0.3742100132969011
2021-05-06 00:39:54,307 - [train_attntn.py:146-train_step()] - INFO - Epoch [38/50]  train_loss: 1.7844 train_acc: 0.5633
2021-05-06 00:42:21,026 - [train_attntn.py:191-evaluate_model()] - INFO - val_loss: 5.2597 val_acc: 0.0000
2021-05-06 00:42:21,027 - [train_attntn.py:257-train()] - INFO - Epoch [38/50] train_bleu1: 0.6791 train_bleu2: 0.5004 train_bleu3: 0.3784 train_bleu4: 0.2901 train_meteor: 0.4893508825685359val_bleu1: 0.5775 val_bleu2: 0.3570 val_bleu3: 0.2240 val_bleu4: 0.1395 val_meteor: 0.36789567835969617
2021-05-06 00:50:28,871 - [train_attntn.py:146-train_step()] - INFO - Epoch [39/50]  train_loss: 1.7709 train_acc: 0.5651
2021-05-06 00:53:11,887 - [train_attntn.py:191-evaluate_model()] - INFO - val_loss: 5.2729 val_acc: 0.0000
2021-05-06 00:53:11,888 - [train_attntn.py:257-train()] - INFO - Epoch [39/50] train_bleu1: 0.6599 train_bleu2: 0.4774 train_bleu3: 0.3542 train_bleu4: 0.2678 train_meteor: 0.4767819834943891val_bleu1: 0.5628 val_bleu2: 0.3438 val_bleu3: 0.2103 val_bleu4: 0.1292 val_meteor: 0.3638466507038751
2021-05-06 01:01:51,620 - [train_attntn.py:146-train_step()] - INFO - Epoch [40/50]  train_loss: 1.7539 train_acc: 0.5686
2021-05-06 01:04:45,614 - [train_attntn.py:191-evaluate_model()] - INFO - val_loss: 5.5499 val_acc: 0.0000
2021-05-06 01:04:45,615 - [train_attntn.py:257-train()] - INFO - Epoch [40/50] train_bleu1: 0.6580 train_bleu2: 0.4781 train_bleu3: 0.3555 train_bleu4: 0.2688 train_meteor: 0.480027651951813val_bleu1: 0.5643 val_bleu2: 0.3480 val_bleu3: 0.2165 val_bleu4: 0.1341 val_meteor: 0.36788597455228345
2021-05-06 01:13:07,420 - [train_attntn.py:146-train_step()] - INFO - Epoch [41/50]  train_loss: 1.7353 train_acc: 0.5717
2021-05-06 01:15:58,476 - [train_attntn.py:191-evaluate_model()] - INFO - val_loss: 5.5004 val_acc: 0.0000
2021-05-06 01:15:58,483 - [train_attntn.py:257-train()] - INFO - Epoch [41/50] train_bleu1: 0.6526 train_bleu2: 0.4704 train_bleu3: 0.3464 train_bleu4: 0.2594 train_meteor: 0.4844540269501738val_bleu1: 0.5571 val_bleu2: 0.3429 val_bleu3: 0.2106 val_bleu4: 0.1305 val_meteor: 0.37473633639144144
2021-05-06 01:26:16,933 - [train_attntn.py:146-train_step()] - INFO - Epoch [42/50]  train_loss: 1.7250 train_acc: 0.5741
2021-05-06 01:29:27,095 - [train_attntn.py:191-evaluate_model()] - INFO - val_loss: 5.6599 val_acc: 0.0000
2021-05-06 01:29:27,095 - [train_attntn.py:257-train()] - INFO - Epoch [42/50] train_bleu1: 0.6524 train_bleu2: 0.4758 train_bleu3: 0.3556 train_bleu4: 0.2710 train_meteor: 0.49078880813045717val_bleu1: 0.5466 val_bleu2: 0.3335 val_bleu3: 0.2047 val_bleu4: 0.1276 val_meteor: 0.37174520307318126
2021-05-06 01:38:52,212 - [train_attntn.py:146-train_step()] - INFO - Epoch [43/50]  train_loss: 1.7136 train_acc: 0.5758
2021-05-06 01:42:07,397 - [train_attntn.py:191-evaluate_model()] - INFO - val_loss: 5.5553 val_acc: 0.0000
2021-05-06 01:42:07,398 - [train_attntn.py:257-train()] - INFO - Epoch [43/50] train_bleu1: 0.6601 train_bleu2: 0.4846 train_bleu3: 0.3657 train_bleu4: 0.2811 train_meteor: 0.4931367771534392val_bleu1: 0.5554 val_bleu2: 0.3374 val_bleu3: 0.2077 val_bleu4: 0.1296 val_meteor: 0.36833299757510585
2021-05-06 01:52:09,727 - [train_attntn.py:146-train_step()] - INFO - Epoch [44/50]  train_loss: 1.6977 train_acc: 0.5773
2021-05-06 01:55:26,674 - [train_attntn.py:191-evaluate_model()] - INFO - val_loss: 5.6885 val_acc: 0.0000
2021-05-06 01:55:26,675 - [train_attntn.py:257-train()] - INFO - Epoch [44/50] train_bleu1: 0.6696 train_bleu2: 0.4920 train_bleu3: 0.3713 train_bleu4: 0.2854 train_meteor: 0.4925429627186444val_bleu1: 0.5565 val_bleu2: 0.3405 val_bleu3: 0.2106 val_bleu4: 0.1331 val_meteor: 0.3649200904162917
2021-05-06 02:06:38,001 - [train_attntn.py:146-train_step()] - INFO - Epoch [45/50]  train_loss: 1.6832 train_acc: 0.5809
2021-05-06 02:10:09,408 - [train_attntn.py:191-evaluate_model()] - INFO - val_loss: 5.5811 val_acc: 0.0000
2021-05-06 02:10:09,409 - [train_attntn.py:257-train()] - INFO - Epoch [45/50] train_bleu1: 0.6913 train_bleu2: 0.5175 train_bleu3: 0.3979 train_bleu4: 0.3111 train_meteor: 0.5009489541680225val_bleu1: 0.5755 val_bleu2: 0.3571 val_bleu3: 0.2236 val_bleu4: 0.1403 val_meteor: 0.3700931876739434
2021-05-06 02:21:22,836 - [train_attntn.py:146-train_step()] - INFO - Epoch [46/50]  train_loss: 1.6668 train_acc: 0.5838
2021-05-06 02:25:03,538 - [train_attntn.py:191-evaluate_model()] - INFO - val_loss: 5.9185 val_acc: 0.0000
2021-05-06 02:25:03,551 - [train_attntn.py:257-train()] - INFO - Epoch [46/50] train_bleu1: 0.6811 train_bleu2: 0.5051 train_bleu3: 0.3835 train_bleu4: 0.2963 train_meteor: 0.4890314071916008val_bleu1: 0.5724 val_bleu2: 0.3563 val_bleu3: 0.2231 val_bleu4: 0.1403 val_meteor: 0.3670343626730239
2021-05-06 02:35:06,567 - [train_attntn.py:146-train_step()] - INFO - Epoch [47/50]  train_loss: 1.6551 train_acc: 0.5861
2021-05-06 02:38:29,921 - [train_attntn.py:191-evaluate_model()] - INFO - val_loss: 5.7324 val_acc: 0.0000
2021-05-06 02:38:29,922 - [train_attntn.py:257-train()] - INFO - Epoch [47/50] train_bleu1: 0.6793 train_bleu2: 0.5044 train_bleu3: 0.3858 train_bleu4: 0.3010 train_meteor: 0.5003767690821258val_bleu1: 0.5663 val_bleu2: 0.3477 val_bleu3: 0.2176 val_bleu4: 0.1368 val_meteor: 0.37105410611816486
2021-05-06 02:50:05,055 - [train_attntn.py:146-train_step()] - INFO - Epoch [48/50]  train_loss: 1.6412 train_acc: 0.5891
2021-05-06 02:54:14,154 - [train_attntn.py:191-evaluate_model()] - INFO - val_loss: 5.9046 val_acc: 0.0000
2021-05-06 02:54:14,155 - [train_attntn.py:257-train()] - INFO - Epoch [48/50] train_bleu1: 0.6740 train_bleu2: 0.4976 train_bleu3: 0.3776 train_bleu4: 0.2928 train_meteor: 0.4997888184746006val_bleu1: 0.5575 val_bleu2: 0.3368 val_bleu3: 0.2051 val_bleu4: 0.1278 val_meteor: 0.36384425188712566
2021-05-06 03:11:29,989 - [train_attntn.py:146-train_step()] - INFO - Epoch [49/50]  train_loss: 1.6283 train_acc: 0.5910
2021-05-06 03:15:03,812 - [train_attntn.py:191-evaluate_model()] - INFO - val_loss: 5.9569 val_acc: 0.0000
2021-05-06 03:15:03,822 - [train_attntn.py:257-train()] - INFO - Epoch [49/50] train_bleu1: 0.6956 train_bleu2: 0.5197 train_bleu3: 0.3991 train_bleu4: 0.3124 train_meteor: 0.4884836495815588val_bleu1: 0.5802 val_bleu2: 0.3550 val_bleu3: 0.2201 val_bleu4: 0.1379 val_meteor: 0.3586470204532767
2021-05-06 03:28:16,667 - [train_attntn.py:146-train_step()] - INFO - Epoch [50/50]  train_loss: 1.6204 train_acc: 0.5922
2021-05-06 03:31:59,468 - [train_attntn.py:191-evaluate_model()] - INFO - val_loss: 5.9446 val_acc: 0.0000
2021-05-06 03:31:59,469 - [train_attntn.py:257-train()] - INFO - Epoch [50/50] train_bleu1: 0.6533 train_bleu2: 0.4775 train_bleu3: 0.3583 train_bleu4: 0.2747 train_meteor: 0.49626252381849406val_bleu1: 0.5448 val_bleu2: 0.3329 val_bleu3: 0.2042 val_bleu4: 0.1261 val_meteor: 0.37115311160626796
