2021-04-29 11:02:50,346 - [train_attntn.py:25-<module>()] - INFO - Start Initialization
2021-04-29 11:02:50,434 - [train_attntn.py:44-parepareDataset()] - INFO - Prepare dataset for training
2021-04-29 11:02:59,566 - [train_attntn.py:83-parepareDataset()] - INFO - Dataset Preparation Complete
2021-04-29 11:02:59,566 - [train_attntn.py:90-prepareLoader()] - INFO - Prepare dataloader for training
2021-04-29 11:02:59,567 - [train_attntn.py:101-prepareLoader()] - INFO - Dataloader Preparation Complete
2021-04-29 11:02:59,567 - [glove.py:22-embedding_matrix_creator()] - INFO - Preparing embedding matrix
2021-04-29 11:03:29,112 - [glove.py:32-embedding_matrix_creator()] - INFO - Finish embedding matrix preparation
2021-04-29 11:03:33,118 - [train_attntn.py:193-train()] - INFO - Start training
2021-04-29 11:19:03,688 - [train_attntn.py:136-train_step()] - INFO - Epoch [1/50]  train_loss: 3.9901 train_acc: 0.3297
2021-04-29 11:24:19,302 - [train_attntn.py:215-train()] - INFO - Epoch [1/50] train_bleu1: 0.5793 train_bleu2: 0.3475 train_bleu3: 0.2047 train_bleu4: 0.1165 train_meteor: 0.33534704767120893val_bleu1: 0.5813 val_bleu2: 0.3476 val_bleu3: 0.2027 val_bleu4: 0.1137 val_meteor: 0.33176236490957134
2021-04-29 11:39:35,766 - [train_attntn.py:136-train_step()] - INFO - Epoch [2/50]  train_loss: 3.3344 train_acc: 0.3884
2021-04-29 11:43:24,581 - [train_attntn.py:215-train()] - INFO - Epoch [2/50] train_bleu1: 0.5944 train_bleu2: 0.3721 train_bleu3: 0.2300 train_bleu4: 0.1404 train_meteor: 0.3590350796451356val_bleu1: 0.5984 val_bleu2: 0.3674 val_bleu3: 0.2228 val_bleu4: 0.1335 val_meteor: 0.3498003541501317
2021-04-29 11:57:27,704 - [train_attntn.py:136-train_step()] - INFO - Epoch [3/50]  train_loss: 3.1100 train_acc: 0.4079
2021-04-29 12:01:09,324 - [train_attntn.py:215-train()] - INFO - Epoch [3/50] train_bleu1: 0.5596 train_bleu2: 0.3542 train_bleu3: 0.2236 train_bleu4: 0.1401 train_meteor: 0.37339703134450636val_bleu1: 0.5497 val_bleu2: 0.3410 val_bleu3: 0.2092 val_bleu4: 0.1250 val_meteor: 0.3621977634636384
2021-04-29 12:16:42,068 - [train_attntn.py:136-train_step()] - INFO - Epoch [4/50]  train_loss: 2.9610 train_acc: 0.4224
2021-04-29 12:20:40,881 - [train_attntn.py:215-train()] - INFO - Epoch [4/50] train_bleu1: 0.5627 train_bleu2: 0.3543 train_bleu3: 0.2232 train_bleu4: 0.1386 train_meteor: 0.3734786300962222val_bleu1: 0.5445 val_bleu2: 0.3345 val_bleu3: 0.2074 val_bleu4: 0.1267 val_meteor: 0.3550242579829583
2021-04-29 12:34:40,425 - [train_attntn.py:136-train_step()] - INFO - Epoch [5/50]  train_loss: 2.8477 train_acc: 0.4322
2021-04-29 12:38:20,251 - [train_attntn.py:215-train()] - INFO - Epoch [5/50] train_bleu1: 0.6134 train_bleu2: 0.4033 train_bleu3: 0.2658 train_bleu4: 0.1720 train_meteor: 0.387448885440783val_bleu1: 0.5965 val_bleu2: 0.3782 val_bleu3: 0.2418 val_bleu4: 0.1498 val_meteor: 0.3635606281969161
2021-04-29 12:52:56,718 - [train_attntn.py:136-train_step()] - INFO - Epoch [6/50]  train_loss: 2.7560 train_acc: 0.4424
2021-04-29 12:56:44,214 - [train_attntn.py:215-train()] - INFO - Epoch [6/50] train_bleu1: 0.5777 train_bleu2: 0.3843 train_bleu3: 0.2554 train_bleu4: 0.1679 train_meteor: 0.41455868854541383val_bleu1: 0.5556 val_bleu2: 0.3575 val_bleu3: 0.2298 val_bleu4: 0.1455 val_meteor: 0.3878233214451505
2021-04-29 13:12:17,445 - [train_attntn.py:136-train_step()] - INFO - Epoch [7/50]  train_loss: 2.6755 train_acc: 0.4489
2021-04-29 13:16:19,353 - [train_attntn.py:215-train()] - INFO - Epoch [7/50] train_bleu1: 0.5243 train_bleu2: 0.3414 train_bleu3: 0.2231 train_bleu4: 0.1458 train_meteor: 0.39047644148667976val_bleu1: 0.4911 val_bleu2: 0.3017 val_bleu3: 0.1864 val_bleu4: 0.1155 val_meteor: 0.35414387265980724
2021-04-29 13:31:42,654 - [train_attntn.py:136-train_step()] - INFO - Epoch [8/50]  train_loss: 2.6075 train_acc: 0.4559
