2021-04-29 06:18:32,182 - [train_attntn.py:25-<module>()] - INFO - Start Initialization
2021-04-29 06:18:32,260 - [train_attntn.py:44-parepareDataset()] - INFO - Prepare dataset for training
2021-04-29 06:18:41,332 - [train_attntn.py:83-parepareDataset()] - INFO - Dataset Preparation Complete
2021-04-29 06:18:41,333 - [train_attntn.py:90-prepareLoader()] - INFO - Prepare dataloader for training
2021-04-29 06:18:41,334 - [train_attntn.py:101-prepareLoader()] - INFO - Dataloader Preparation Complete
2021-04-29 06:18:41,334 - [glove.py:22-embedding_matrix_creator()] - INFO - Preparing embedding matrix
2021-04-29 06:19:06,408 - [glove.py:32-embedding_matrix_creator()] - INFO - Finish embedding matrix preparation
2021-04-29 06:19:10,398 - [train_attntn.py:196-train()] - INFO - Start training
2021-04-29 06:57:10,080 - [train_attntn.py:25-<module>()] - INFO - Start Initialization
2021-04-29 06:57:10,227 - [train_attntn.py:44-parepareDataset()] - INFO - Prepare dataset for training
2021-04-29 06:57:20,300 - [train_attntn.py:83-parepareDataset()] - INFO - Dataset Preparation Complete
2021-04-29 06:57:20,300 - [train_attntn.py:90-prepareLoader()] - INFO - Prepare dataloader for training
2021-04-29 06:57:20,301 - [train_attntn.py:101-prepareLoader()] - INFO - Dataloader Preparation Complete
2021-04-29 06:57:20,301 - [glove.py:22-embedding_matrix_creator()] - INFO - Preparing embedding matrix
2021-04-29 06:57:43,312 - [glove.py:32-embedding_matrix_creator()] - INFO - Finish embedding matrix preparation
2021-04-29 06:57:47,325 - [train_attntn.py:197-train()] - INFO - Start training
2021-04-29 07:01:12,711 - [train_attntn.py:25-<module>()] - INFO - Start Initialization
2021-04-29 07:01:13,193 - [train_attntn.py:44-parepareDataset()] - INFO - Prepare dataset for training
2021-04-29 07:01:22,696 - [train_attntn.py:83-parepareDataset()] - INFO - Dataset Preparation Complete
2021-04-29 07:01:22,696 - [train_attntn.py:90-prepareLoader()] - INFO - Prepare dataloader for training
2021-04-29 07:01:22,697 - [train_attntn.py:101-prepareLoader()] - INFO - Dataloader Preparation Complete
2021-04-29 07:01:22,697 - [glove.py:22-embedding_matrix_creator()] - INFO - Preparing embedding matrix
2021-04-29 07:01:43,791 - [glove.py:32-embedding_matrix_creator()] - INFO - Finish embedding matrix preparation
2021-04-29 07:01:47,882 - [train_attntn.py:201-train()] - INFO - Start training
2021-04-29 07:10:41,068 - [train_attntn.py:25-<module>()] - INFO - Start Initialization
2021-04-29 07:10:49,713 - [train_attntn.py:25-<module>()] - INFO - Start Initialization
2021-04-29 07:10:49,852 - [train_attntn.py:44-parepareDataset()] - INFO - Prepare dataset for training
2021-04-29 07:10:59,382 - [train_attntn.py:83-parepareDataset()] - INFO - Dataset Preparation Complete
2021-04-29 07:10:59,383 - [train_attntn.py:90-prepareLoader()] - INFO - Prepare dataloader for training
2021-04-29 07:10:59,383 - [train_attntn.py:101-prepareLoader()] - INFO - Dataloader Preparation Complete
2021-04-29 07:10:59,384 - [glove.py:22-embedding_matrix_creator()] - INFO - Preparing embedding matrix
2021-04-29 07:11:25,689 - [glove.py:32-embedding_matrix_creator()] - INFO - Finish embedding matrix preparation
2021-04-29 07:11:29,850 - [train_attntn.py:193-train()] - INFO - Start training
2021-04-29 07:13:22,529 - [train_attntn.py:25-<module>()] - INFO - Start Initialization
2021-04-29 07:13:22,630 - [train_attntn.py:44-parepareDataset()] - INFO - Prepare dataset for training
2021-04-29 07:13:32,498 - [train_attntn.py:83-parepareDataset()] - INFO - Dataset Preparation Complete
2021-04-29 07:13:32,499 - [train_attntn.py:90-prepareLoader()] - INFO - Prepare dataloader for training
2021-04-29 07:13:32,500 - [train_attntn.py:101-prepareLoader()] - INFO - Dataloader Preparation Complete
2021-04-29 07:13:32,500 - [glove.py:22-embedding_matrix_creator()] - INFO - Preparing embedding matrix
2021-04-29 07:14:01,781 - [glove.py:32-embedding_matrix_creator()] - INFO - Finish embedding matrix preparation
2021-04-29 07:14:06,152 - [train_attntn.py:193-train()] - INFO - Start training
2021-04-29 07:14:39,026 - [train_attntn.py:25-<module>()] - INFO - Start Initialization
2021-04-29 07:14:39,637 - [train_attntn.py:44-parepareDataset()] - INFO - Prepare dataset for training
2021-04-29 07:14:58,115 - [train_attntn.py:25-<module>()] - INFO - Start Initialization
2021-04-29 07:14:59,098 - [train_attntn.py:44-parepareDataset()] - INFO - Prepare dataset for training
2021-04-29 07:15:08,820 - [train_attntn.py:83-parepareDataset()] - INFO - Dataset Preparation Complete
2021-04-29 07:15:08,820 - [train_attntn.py:90-prepareLoader()] - INFO - Prepare dataloader for training
2021-04-29 07:15:08,821 - [train_attntn.py:101-prepareLoader()] - INFO - Dataloader Preparation Complete
2021-04-29 07:15:08,821 - [glove.py:22-embedding_matrix_creator()] - INFO - Preparing embedding matrix
2021-04-29 07:15:42,070 - [glove.py:32-embedding_matrix_creator()] - INFO - Finish embedding matrix preparation
2021-04-29 07:15:46,477 - [train_attntn.py:193-train()] - INFO - Start training
2021-04-29 07:19:58,780 - [train_attntn.py:25-<module>()] - INFO - Start Initialization
2021-04-29 07:19:58,922 - [train_attntn.py:44-parepareDataset()] - INFO - Prepare dataset for training
2021-04-29 07:20:08,484 - [train_attntn.py:83-parepareDataset()] - INFO - Dataset Preparation Complete
2021-04-29 07:20:08,485 - [train_attntn.py:90-prepareLoader()] - INFO - Prepare dataloader for training
2021-04-29 07:20:08,485 - [train_attntn.py:101-prepareLoader()] - INFO - Dataloader Preparation Complete
2021-04-29 07:20:08,486 - [glove.py:22-embedding_matrix_creator()] - INFO - Preparing embedding matrix
2021-04-29 07:20:30,321 - [glove.py:32-embedding_matrix_creator()] - INFO - Finish embedding matrix preparation
2021-04-29 07:20:34,831 - [train_attntn.py:193-train()] - INFO - Start training
2021-04-29 07:24:07,083 - [train_attntn.py:25-<module>()] - INFO - Start Initialization
2021-04-29 07:24:07,182 - [train_attntn.py:44-parepareDataset()] - INFO - Prepare dataset for training
2021-04-29 07:24:16,568 - [train_attntn.py:83-parepareDataset()] - INFO - Dataset Preparation Complete
2021-04-29 07:24:16,569 - [train_attntn.py:90-prepareLoader()] - INFO - Prepare dataloader for training
2021-04-29 07:24:16,570 - [train_attntn.py:101-prepareLoader()] - INFO - Dataloader Preparation Complete
2021-04-29 07:24:16,570 - [glove.py:22-embedding_matrix_creator()] - INFO - Preparing embedding matrix
2021-04-29 07:24:39,676 - [glove.py:32-embedding_matrix_creator()] - INFO - Finish embedding matrix preparation
2021-04-29 07:24:43,995 - [train_attntn.py:193-train()] - INFO - Start training
2021-04-29 07:31:25,888 - [train_attntn.py:25-<module>()] - INFO - Start Initialization
2021-04-29 07:31:26,045 - [train_attntn.py:44-parepareDataset()] - INFO - Prepare dataset for training
2021-04-29 07:31:35,932 - [train_attntn.py:83-parepareDataset()] - INFO - Dataset Preparation Complete
2021-04-29 07:31:35,933 - [train_attntn.py:90-prepareLoader()] - INFO - Prepare dataloader for training
2021-04-29 07:31:35,933 - [train_attntn.py:101-prepareLoader()] - INFO - Dataloader Preparation Complete
2021-04-29 07:31:35,934 - [glove.py:22-embedding_matrix_creator()] - INFO - Preparing embedding matrix
2021-04-29 07:31:59,053 - [glove.py:32-embedding_matrix_creator()] - INFO - Finish embedding matrix preparation
2021-04-29 07:32:03,323 - [train_attntn.py:193-train()] - INFO - Start training
2021-04-29 07:32:41,897 - [train_attntn.py:25-<module>()] - INFO - Start Initialization
2021-04-29 07:32:41,976 - [train_attntn.py:44-parepareDataset()] - INFO - Prepare dataset for training
2021-04-29 07:32:51,467 - [train_attntn.py:83-parepareDataset()] - INFO - Dataset Preparation Complete
2021-04-29 07:32:51,468 - [train_attntn.py:90-prepareLoader()] - INFO - Prepare dataloader for training
2021-04-29 07:32:51,468 - [train_attntn.py:101-prepareLoader()] - INFO - Dataloader Preparation Complete
2021-04-29 07:32:51,468 - [glove.py:22-embedding_matrix_creator()] - INFO - Preparing embedding matrix
2021-04-29 07:33:13,736 - [glove.py:32-embedding_matrix_creator()] - INFO - Finish embedding matrix preparation
2021-04-29 07:33:17,980 - [train_attntn.py:193-train()] - INFO - Start training
2021-04-29 07:48:09,482 - [train_attntn.py:136-train_step()] - INFO - Epoch 1/50 train_loss: 4.0017 train_acc: 0.3271
2021-04-29 07:49:30,096 - [train_attntn.py:25-<module>()] - INFO - Start Initialization
2021-04-29 07:49:30,221 - [train_attntn.py:44-parepareDataset()] - INFO - Prepare dataset for training
2021-04-29 07:49:40,338 - [train_attntn.py:83-parepareDataset()] - INFO - Dataset Preparation Complete
2021-04-29 07:49:40,339 - [train_attntn.py:90-prepareLoader()] - INFO - Prepare dataloader for training
2021-04-29 07:49:40,339 - [train_attntn.py:101-prepareLoader()] - INFO - Dataloader Preparation Complete
2021-04-29 07:49:40,340 - [glove.py:22-embedding_matrix_creator()] - INFO - Preparing embedding matrix
2021-04-29 07:50:05,959 - [glove.py:32-embedding_matrix_creator()] - INFO - Finish embedding matrix preparation
2021-04-29 07:50:10,366 - [train_attntn.py:193-train()] - INFO - Start training
2021-04-29 07:51:19,526 - [train_attntn.py:25-<module>()] - INFO - Start Initialization
2021-04-29 07:51:19,631 - [train_attntn.py:44-parepareDataset()] - INFO - Prepare dataset for training
2021-04-29 07:51:29,223 - [train_attntn.py:83-parepareDataset()] - INFO - Dataset Preparation Complete
2021-04-29 07:51:29,224 - [train_attntn.py:90-prepareLoader()] - INFO - Prepare dataloader for training
2021-04-29 07:51:29,224 - [train_attntn.py:101-prepareLoader()] - INFO - Dataloader Preparation Complete
2021-04-29 07:51:29,225 - [glove.py:22-embedding_matrix_creator()] - INFO - Preparing embedding matrix
2021-04-29 07:51:52,639 - [glove.py:32-embedding_matrix_creator()] - INFO - Finish embedding matrix preparation
2021-04-29 07:51:57,044 - [train_attntn.py:193-train()] - INFO - Start training
2021-04-29 07:55:42,109 - [train_attntn.py:25-<module>()] - INFO - Start Initialization
2021-04-29 07:55:42,204 - [train_attntn.py:44-parepareDataset()] - INFO - Prepare dataset for training
2021-04-29 07:55:51,941 - [train_attntn.py:83-parepareDataset()] - INFO - Dataset Preparation Complete
2021-04-29 07:55:51,942 - [train_attntn.py:90-prepareLoader()] - INFO - Prepare dataloader for training
2021-04-29 07:55:51,943 - [train_attntn.py:101-prepareLoader()] - INFO - Dataloader Preparation Complete
2021-04-29 07:55:51,943 - [glove.py:22-embedding_matrix_creator()] - INFO - Preparing embedding matrix
2021-04-29 07:56:15,482 - [glove.py:32-embedding_matrix_creator()] - INFO - Finish embedding matrix preparation
2021-04-29 07:56:20,012 - [train_attntn.py:193-train()] - INFO - Start training
2021-04-29 07:57:35,933 - [train_attntn.py:25-<module>()] - INFO - Start Initialization
2021-04-29 07:57:36,067 - [train_attntn.py:44-parepareDataset()] - INFO - Prepare dataset for training
2021-04-29 07:57:45,494 - [train_attntn.py:83-parepareDataset()] - INFO - Dataset Preparation Complete
2021-04-29 07:57:45,494 - [train_attntn.py:90-prepareLoader()] - INFO - Prepare dataloader for training
2021-04-29 07:57:45,495 - [train_attntn.py:101-prepareLoader()] - INFO - Dataloader Preparation Complete
2021-04-29 07:57:45,495 - [glove.py:22-embedding_matrix_creator()] - INFO - Preparing embedding matrix
2021-04-29 07:58:11,920 - [glove.py:32-embedding_matrix_creator()] - INFO - Finish embedding matrix preparation
2021-04-29 07:58:16,264 - [train_attntn.py:193-train()] - INFO - Start training
2021-04-29 07:58:49,305 - [train_attntn.py:25-<module>()] - INFO - Start Initialization
2021-04-29 07:58:49,377 - [train_attntn.py:44-parepareDataset()] - INFO - Prepare dataset for training
2021-04-29 07:58:58,831 - [train_attntn.py:83-parepareDataset()] - INFO - Dataset Preparation Complete
2021-04-29 07:58:58,832 - [train_attntn.py:90-prepareLoader()] - INFO - Prepare dataloader for training
2021-04-29 07:58:58,832 - [train_attntn.py:101-prepareLoader()] - INFO - Dataloader Preparation Complete
2021-04-29 07:58:58,833 - [glove.py:22-embedding_matrix_creator()] - INFO - Preparing embedding matrix
2021-04-29 07:59:24,997 - [glove.py:32-embedding_matrix_creator()] - INFO - Finish embedding matrix preparation
2021-04-29 07:59:29,436 - [train_attntn.py:193-train()] - INFO - Start training
2021-04-29 08:03:48,925 - [train_attntn.py:25-<module>()] - INFO - Start Initialization
2021-04-29 08:03:49,101 - [train_attntn.py:44-parepareDataset()] - INFO - Prepare dataset for training
2021-04-29 08:03:58,564 - [train_attntn.py:83-parepareDataset()] - INFO - Dataset Preparation Complete
2021-04-29 08:03:58,564 - [train_attntn.py:90-prepareLoader()] - INFO - Prepare dataloader for training
2021-04-29 08:03:58,565 - [train_attntn.py:101-prepareLoader()] - INFO - Dataloader Preparation Complete
2021-04-29 08:03:58,565 - [glove.py:22-embedding_matrix_creator()] - INFO - Preparing embedding matrix
2021-04-29 08:04:19,270 - [glove.py:32-embedding_matrix_creator()] - INFO - Finish embedding matrix preparation
2021-04-29 08:04:23,554 - [train_attntn.py:193-train()] - INFO - Start training
2021-04-29 08:20:02,797 - [train_attntn.py:136-train_step()] - INFO - Epoch 1/50 train_loss: 3.9987 train_acc: 0.3272
2021-04-29 08:39:22,897 - [train_attntn.py:136-train_step()] - INFO - Epoch 2/50 train_loss: 3.3428 train_acc: 0.3872
2021-04-29 08:56:12,147 - [train_attntn.py:136-train_step()] - INFO - Epoch 3/50 train_loss: 3.1196 train_acc: 0.4077
2021-04-29 09:18:13,250 - [train_attntn.py:136-train_step()] - INFO - Epoch 4/50 train_loss: 2.9693 train_acc: 0.4210
2021-04-29 09:40:08,873 - [train_attntn.py:136-train_step()] - INFO - Epoch 5/50 train_loss: 2.8525 train_acc: 0.4313
2021-04-29 10:00:50,792 - [train_attntn.py:136-train_step()] - INFO - Epoch 6/50 train_loss: 2.7600 train_acc: 0.4395
2021-04-29 10:22:25,037 - [train_attntn.py:136-train_step()] - INFO - Epoch 7/50 train_loss: 2.6780 train_acc: 0.4492
2021-04-29 10:41:22,587 - [train_attntn.py:136-train_step()] - INFO - Epoch 8/50 train_loss: 2.6088 train_acc: 0.4557
