2021-05-15 07:28:12,681 - [train_attntn.py:25-<module>()] - INFO - Start Initialization
2021-05-15 07:28:12,731 - [train_attntn.py:53-parepareDataset()] - INFO - Prepare dataset for training
2021-05-15 07:28:28,363 - [train_attntn.py:93-parepareDataset()] - INFO - Dataset Preparation Complete
2021-05-15 07:28:28,364 - [train_attntn.py:100-prepareLoader()] - INFO - Prepare dataloader for training
2021-05-15 07:28:28,365 - [train_attntn.py:112-prepareLoader()] - INFO - Dataloader Preparation Complete
2021-05-15 07:28:45,144 - [train_attntn.py:221-train()] - INFO - Start training
2021-05-15 07:37:35,077 - [train_attntn.py:147-train_step()] - INFO - Epoch [1/50]  train_loss: 3.9779 train_acc: 0.3304
2021-05-15 07:40:16,438 - [train_attntn.py:245-train()] - INFO - Epoch [1/50] train_bleu1: 0.5454 train_bleu2: 0.3241 train_bleu3: 0.1880 train_bleu4: 0.1083 train_meteor: 0.3108208213169066val_bleu1: 0.5452 val_bleu2: 0.3221 val_bleu3: 0.1886 val_bleu4: 0.1076 val_meteor: 0.3028930741196233
2021-05-15 07:50:45,058 - [train_attntn.py:147-train_step()] - INFO - Epoch [2/50]  train_loss: 3.3353 train_acc: 0.3882
2021-05-15 07:54:16,279 - [train_attntn.py:245-train()] - INFO - Epoch [2/50] train_bleu1: 0.4463 train_bleu2: 0.2639 train_bleu3: 0.1577 train_bleu4: 0.0931 train_meteor: 0.3404288299835936val_bleu1: 0.4466 val_bleu2: 0.2654 val_bleu3: 0.1582 val_bleu4: 0.0935 val_meteor: 0.33828181062402574
2021-05-15 08:05:19,356 - [train_attntn.py:147-train_step()] - INFO - Epoch [3/50]  train_loss: 3.1178 train_acc: 0.4072
2021-05-15 08:09:03,986 - [train_attntn.py:245-train()] - INFO - Epoch [3/50] train_bleu1: 0.3052 train_bleu2: 0.1835 train_bleu3: 0.1113 train_bleu4: 0.0674 train_meteor: 0.3203150967426207val_bleu1: 0.3020 val_bleu2: 0.1809 val_bleu3: 0.1090 val_bleu4: 0.0652 val_meteor: 0.3080464043896687
2021-05-15 08:19:01,327 - [train_attntn.py:147-train_step()] - INFO - Epoch [4/50]  train_loss: 2.9682 train_acc: 0.4204
2021-05-15 08:22:18,251 - [train_attntn.py:245-train()] - INFO - Epoch [4/50] train_bleu1: 0.4998 train_bleu2: 0.3180 train_bleu3: 0.2011 train_bleu4: 0.1253 train_meteor: 0.37142801308124235val_bleu1: 0.4818 val_bleu2: 0.3004 val_bleu3: 0.1844 val_bleu4: 0.1113 val_meteor: 0.3561610201502262
2021-05-15 08:31:50,513 - [train_attntn.py:147-train_step()] - INFO - Epoch [5/50]  train_loss: 2.8556 train_acc: 0.4310
2021-05-15 08:34:30,386 - [train_attntn.py:245-train()] - INFO - Epoch [5/50] train_bleu1: 0.5913 train_bleu2: 0.3823 train_bleu3: 0.2452 train_bleu4: 0.1548 train_meteor: 0.38272110969554846val_bleu1: 0.5809 val_bleu2: 0.3676 val_bleu3: 0.2298 val_bleu4: 0.1414 val_meteor: 0.3644504748848364
2021-05-15 08:43:28,185 - [train_attntn.py:147-train_step()] - INFO - Epoch [6/50]  train_loss: 2.7608 train_acc: 0.4388
2021-05-15 08:46:32,685 - [train_attntn.py:245-train()] - INFO - Epoch [6/50] train_bleu1: 0.5216 train_bleu2: 0.3347 train_bleu3: 0.2165 train_bleu4: 0.1402 train_meteor: 0.3853503078973233val_bleu1: 0.5083 val_bleu2: 0.3200 val_bleu3: 0.2002 val_bleu4: 0.1232 val_meteor: 0.3682773535313612
2021-05-15 08:55:50,217 - [train_attntn.py:147-train_step()] - INFO - Epoch [7/50]  train_loss: 2.6875 train_acc: 0.4461
2021-05-15 08:58:43,745 - [train_attntn.py:245-train()] - INFO - Epoch [7/50] train_bleu1: 0.6006 train_bleu2: 0.3970 train_bleu3: 0.2629 train_bleu4: 0.1726 train_meteor: 0.4054146756858782val_bleu1: 0.5731 val_bleu2: 0.3669 val_bleu3: 0.2349 val_bleu4: 0.1475 val_meteor: 0.38201476939331713
2021-05-15 09:08:27,005 - [train_attntn.py:147-train_step()] - INFO - Epoch [8/50]  train_loss: 2.6210 train_acc: 0.4531
2021-05-15 09:11:05,283 - [train_attntn.py:245-train()] - INFO - Epoch [8/50] train_bleu1: 0.6127 train_bleu2: 0.4128 train_bleu3: 0.2783 train_bleu4: 0.1855 train_meteor: 0.40810519511269855val_bleu1: 0.5795 val_bleu2: 0.3773 val_bleu3: 0.2434 val_bleu4: 0.1534 val_meteor: 0.37574967742280546
2021-05-15 09:21:27,543 - [train_attntn.py:147-train_step()] - INFO - Epoch [9/50]  train_loss: 2.5602 train_acc: 0.4601
2021-05-15 09:24:06,061 - [train_attntn.py:245-train()] - INFO - Epoch [9/50] train_bleu1: 0.5845 train_bleu2: 0.3989 train_bleu3: 0.2704 train_bleu4: 0.1827 train_meteor: 0.41235116812021017val_bleu1: 0.5569 val_bleu2: 0.3658 val_bleu3: 0.2392 val_bleu4: 0.1535 val_meteor: 0.3805349238140641
2021-05-15 09:38:48,717 - [train_attntn.py:147-train_step()] - INFO - Epoch [10/50]  train_loss: 2.5014 train_acc: 0.4667
2021-05-15 09:42:10,434 - [train_attntn.py:245-train()] - INFO - Epoch [10/50] train_bleu1: 0.6284 train_bleu2: 0.4236 train_bleu3: 0.2868 train_bleu4: 0.1931 train_meteor: 0.41880180916407844val_bleu1: 0.5977 val_bleu2: 0.3836 val_bleu3: 0.2492 val_bleu4: 0.1597 val_meteor: 0.3794548047602849
2021-05-15 09:52:22,555 - [train_attntn.py:147-train_step()] - INFO - Epoch [11/50]  train_loss: 2.4510 train_acc: 0.4723
2021-05-15 09:54:59,048 - [train_attntn.py:245-train()] - INFO - Epoch [11/50] train_bleu1: 0.6333 train_bleu2: 0.4314 train_bleu3: 0.2919 train_bleu4: 0.1963 train_meteor: 0.42971182196850977val_bleu1: 0.6041 val_bleu2: 0.3898 val_bleu3: 0.2488 val_bleu4: 0.1589 val_meteor: 0.3891712760039088
2021-05-15 10:04:42,585 - [train_attntn.py:147-train_step()] - INFO - Epoch [12/50]  train_loss: 2.4020 train_acc: 0.4775
2021-05-15 10:07:49,300 - [train_attntn.py:245-train()] - INFO - Epoch [12/50] train_bleu1: 0.6450 train_bleu2: 0.4468 train_bleu3: 0.3111 train_bleu4: 0.2152 train_meteor: 0.42460131703672677val_bleu1: 0.6106 val_bleu2: 0.3994 val_bleu3: 0.2629 val_bleu4: 0.1715 val_meteor: 0.3867136050173303
2021-05-15 10:17:13,411 - [train_attntn.py:147-train_step()] - INFO - Epoch [13/50]  train_loss: 2.3575 train_acc: 0.4828
2021-05-15 10:19:46,866 - [train_attntn.py:245-train()] - INFO - Epoch [13/50] train_bleu1: 0.6353 train_bleu2: 0.4387 train_bleu3: 0.3029 train_bleu4: 0.2081 train_meteor: 0.4329210141657149val_bleu1: 0.5997 val_bleu2: 0.3887 val_bleu3: 0.2510 val_bleu4: 0.1609 val_meteor: 0.3856376563633194
2021-05-15 10:28:59,630 - [train_attntn.py:147-train_step()] - INFO - Epoch [14/50]  train_loss: 2.3176 train_acc: 0.4869
2021-05-15 10:31:44,060 - [train_attntn.py:245-train()] - INFO - Epoch [14/50] train_bleu1: 0.6313 train_bleu2: 0.4377 train_bleu3: 0.3034 train_bleu4: 0.2102 train_meteor: 0.43861470081924925val_bleu1: 0.5921 val_bleu2: 0.3850 val_bleu3: 0.2497 val_bleu4: 0.1620 val_meteor: 0.39347584593871593
2021-05-15 10:41:04,293 - [train_attntn.py:147-train_step()] - INFO - Epoch [15/50]  train_loss: 2.2772 train_acc: 0.4921
2021-05-15 10:44:00,360 - [train_attntn.py:245-train()] - INFO - Epoch [15/50] train_bleu1: 0.6193 train_bleu2: 0.4314 train_bleu3: 0.3011 train_bleu4: 0.2106 train_meteor: 0.45382694153980385val_bleu1: 0.5763 val_bleu2: 0.3700 val_bleu3: 0.2396 val_bleu4: 0.1555 val_meteor: 0.3978560861697418
2021-05-15 10:53:11,699 - [train_attntn.py:147-train_step()] - INFO - Epoch [16/50]  train_loss: 2.2390 train_acc: 0.4969
2021-05-15 10:55:46,041 - [train_attntn.py:245-train()] - INFO - Epoch [16/50] train_bleu1: 0.6511 train_bleu2: 0.4580 train_bleu3: 0.3236 train_bleu4: 0.2304 train_meteor: 0.45504161117657044val_bleu1: 0.6020 val_bleu2: 0.3883 val_bleu3: 0.2491 val_bleu4: 0.1595 val_meteor: 0.3969472119284376
2021-05-15 11:04:26,972 - [train_attntn.py:147-train_step()] - INFO - Epoch [17/50]  train_loss: 2.2018 train_acc: 0.5018
2021-05-15 11:06:52,883 - [train_attntn.py:245-train()] - INFO - Epoch [17/50] train_bleu1: 0.6626 train_bleu2: 0.4657 train_bleu3: 0.3280 train_bleu4: 0.2317 train_meteor: 0.443366396515014val_bleu1: 0.6099 val_bleu2: 0.3956 val_bleu3: 0.2555 val_bleu4: 0.1635 val_meteor: 0.38406891204195953
2021-05-15 11:15:15,720 - [train_attntn.py:147-train_step()] - INFO - Epoch [18/50]  train_loss: 2.1689 train_acc: 0.5060
2021-05-15 11:17:39,956 - [train_attntn.py:245-train()] - INFO - Epoch [18/50] train_bleu1: 0.6580 train_bleu2: 0.4690 train_bleu3: 0.3356 train_bleu4: 0.2407 train_meteor: 0.4684703127724198val_bleu1: 0.5991 val_bleu2: 0.3889 val_bleu3: 0.2520 val_bleu4: 0.1612 val_meteor: 0.3984632225032924
2021-05-15 11:26:01,990 - [train_attntn.py:147-train_step()] - INFO - Epoch [19/50]  train_loss: 2.1356 train_acc: 0.5103
2021-05-15 11:28:28,416 - [train_attntn.py:245-train()] - INFO - Epoch [19/50] train_bleu1: 0.6674 train_bleu2: 0.4746 train_bleu3: 0.3392 train_bleu4: 0.2429 train_meteor: 0.44920002256368025val_bleu1: 0.6098 val_bleu2: 0.3951 val_bleu3: 0.2560 val_bleu4: 0.1645 val_meteor: 0.37939059661697705
2021-05-15 11:36:49,308 - [train_attntn.py:147-train_step()] - INFO - Epoch [20/50]  train_loss: 2.1015 train_acc: 0.5154
2021-05-15 11:39:32,919 - [train_attntn.py:245-train()] - INFO - Epoch [20/50] train_bleu1: 0.6600 train_bleu2: 0.4701 train_bleu3: 0.3364 train_bleu4: 0.2413 train_meteor: 0.46993340950752516val_bleu1: 0.6022 val_bleu2: 0.3870 val_bleu3: 0.2472 val_bleu4: 0.1577 val_meteor: 0.392386791573588
2021-05-15 11:49:18,304 - [train_attntn.py:147-train_step()] - INFO - Epoch [21/50]  train_loss: 2.0725 train_acc: 0.5187
2021-05-15 11:51:59,894 - [train_attntn.py:245-train()] - INFO - Epoch [21/50] train_bleu1: 0.6370 train_bleu2: 0.4555 train_bleu3: 0.3260 train_bleu4: 0.2346 train_meteor: 0.4636207131219792val_bleu1: 0.5746 val_bleu2: 0.3733 val_bleu3: 0.2395 val_bleu4: 0.1530 val_meteor: 0.39133925329143104
2021-05-15 12:00:21,796 - [train_attntn.py:147-train_step()] - INFO - Epoch [22/50]  train_loss: 2.0393 train_acc: 0.5240
2021-05-15 12:02:42,699 - [train_attntn.py:245-train()] - INFO - Epoch [22/50] train_bleu1: 0.6405 train_bleu2: 0.4500 train_bleu3: 0.3178 train_bleu4: 0.2262 train_meteor: 0.46137934672824255val_bleu1: 0.5840 val_bleu2: 0.3703 val_bleu3: 0.2321 val_bleu4: 0.1437 val_meteor: 0.39027205149546523
2021-05-15 12:12:43,351 - [train_attntn.py:147-train_step()] - INFO - Epoch [23/50]  train_loss: 2.0099 train_acc: 0.5285
2021-05-15 12:15:25,054 - [train_attntn.py:245-train()] - INFO - Epoch [23/50] train_bleu1: 0.6466 train_bleu2: 0.4609 train_bleu3: 0.3316 train_bleu4: 0.2403 train_meteor: 0.4687130936823565val_bleu1: 0.5771 val_bleu2: 0.3664 val_bleu3: 0.2311 val_bleu4: 0.1468 val_meteor: 0.38337176064843365
2021-05-15 12:24:04,181 - [train_attntn.py:147-train_step()] - INFO - Epoch [24/50]  train_loss: 1.9813 train_acc: 0.5324
2021-05-15 12:26:44,131 - [train_attntn.py:245-train()] - INFO - Epoch [24/50] train_bleu1: 0.6681 train_bleu2: 0.4755 train_bleu3: 0.3416 train_bleu4: 0.2475 train_meteor: 0.4618473212932902val_bleu1: 0.5986 val_bleu2: 0.3827 val_bleu3: 0.2454 val_bleu4: 0.1561 val_meteor: 0.38267707034196174
2021-05-15 12:35:23,600 - [train_attntn.py:147-train_step()] - INFO - Epoch [25/50]  train_loss: 1.9569 train_acc: 0.5356
2021-05-15 12:38:00,735 - [train_attntn.py:245-train()] - INFO - Epoch [25/50] train_bleu1: 0.6722 train_bleu2: 0.4812 train_bleu3: 0.3466 train_bleu4: 0.2513 train_meteor: 0.47106720665779495val_bleu1: 0.6062 val_bleu2: 0.3888 val_bleu3: 0.2486 val_bleu4: 0.1585 val_meteor: 0.39763555250023047
2021-05-15 12:46:19,605 - [train_attntn.py:147-train_step()] - INFO - Epoch [26/50]  train_loss: 1.9312 train_acc: 0.5398
2021-05-15 12:49:03,420 - [train_attntn.py:245-train()] - INFO - Epoch [26/50] train_bleu1: 0.6705 train_bleu2: 0.4877 train_bleu3: 0.3593 train_bleu4: 0.2665 train_meteor: 0.4787386020418534val_bleu1: 0.5983 val_bleu2: 0.3882 val_bleu3: 0.2537 val_bleu4: 0.1663 val_meteor: 0.39129675831530014
2021-05-15 12:57:45,322 - [train_attntn.py:147-train_step()] - INFO - Epoch [27/50]  train_loss: 1.9047 train_acc: 0.5441
2021-05-15 13:00:15,206 - [train_attntn.py:245-train()] - INFO - Epoch [27/50] train_bleu1: 0.6553 train_bleu2: 0.4780 train_bleu3: 0.3531 train_bleu4: 0.2630 train_meteor: 0.49316697089831946val_bleu1: 0.5745 val_bleu2: 0.3713 val_bleu3: 0.2405 val_bleu4: 0.1559 val_meteor: 0.4002821165598807
2021-05-15 13:08:47,531 - [train_attntn.py:147-train_step()] - INFO - Epoch [28/50]  train_loss: 1.8790 train_acc: 0.5483
2021-05-15 13:11:12,137 - [train_attntn.py:245-train()] - INFO - Epoch [28/50] train_bleu1: 0.6940 train_bleu2: 0.5079 train_bleu3: 0.3754 train_bleu4: 0.2797 train_meteor: 0.47799371049519207val_bleu1: 0.6088 val_bleu2: 0.3918 val_bleu3: 0.2529 val_bleu4: 0.1611 val_meteor: 0.3834603723495299
2021-05-15 13:19:45,268 - [train_attntn.py:147-train_step()] - INFO - Epoch [29/50]  train_loss: 1.8560 train_acc: 0.5512
2021-05-15 13:22:05,509 - [train_attntn.py:245-train()] - INFO - Epoch [29/50] train_bleu1: 0.6906 train_bleu2: 0.5085 train_bleu3: 0.3791 train_bleu4: 0.2851 train_meteor: 0.486584335304147val_bleu1: 0.6113 val_bleu2: 0.3973 val_bleu3: 0.2566 val_bleu4: 0.1646 val_meteor: 0.39352044433977346
2021-05-15 13:30:35,996 - [train_attntn.py:147-train_step()] - INFO - Epoch [30/50]  train_loss: 1.8348 train_acc: 0.5552
2021-05-15 13:33:31,162 - [train_attntn.py:245-train()] - INFO - Epoch [30/50] train_bleu1: 0.6830 train_bleu2: 0.5050 train_bleu3: 0.3784 train_bleu4: 0.2869 train_meteor: 0.4908232699515999val_bleu1: 0.5987 val_bleu2: 0.3840 val_bleu3: 0.2451 val_bleu4: 0.1563 val_meteor: 0.38915633290184415
2021-05-15 13:42:02,433 - [train_attntn.py:147-train_step()] - INFO - Epoch [31/50]  train_loss: 1.8115 train_acc: 0.5586
2021-05-15 13:44:34,745 - [train_attntn.py:245-train()] - INFO - Epoch [31/50] train_bleu1: 0.6775 train_bleu2: 0.4954 train_bleu3: 0.3678 train_bleu4: 0.2752 train_meteor: 0.4847267204235325val_bleu1: 0.5880 val_bleu2: 0.3753 val_bleu3: 0.2393 val_bleu4: 0.1527 val_meteor: 0.38550088001680727
2021-05-15 13:53:30,348 - [train_attntn.py:147-train_step()] - INFO - Epoch [32/50]  train_loss: 1.7878 train_acc: 0.5636
2021-05-15 13:56:00,437 - [train_attntn.py:245-train()] - INFO - Epoch [32/50] train_bleu1: 0.6985 train_bleu2: 0.5184 train_bleu3: 0.3899 train_bleu4: 0.2954 train_meteor: 0.49141509522609533val_bleu1: 0.6163 val_bleu2: 0.4000 val_bleu3: 0.2578 val_bleu4: 0.1659 val_meteor: 0.38737435305850954
2021-05-15 14:04:27,154 - [train_attntn.py:147-train_step()] - INFO - Epoch [33/50]  train_loss: 1.7685 train_acc: 0.5656
2021-05-15 14:07:13,699 - [train_attntn.py:245-train()] - INFO - Epoch [33/50] train_bleu1: 0.6960 train_bleu2: 0.5174 train_bleu3: 0.3905 train_bleu4: 0.2979 train_meteor: 0.4963019035752821val_bleu1: 0.6076 val_bleu2: 0.3929 val_bleu3: 0.2552 val_bleu4: 0.1648 val_meteor: 0.3918043696404296
2021-05-15 14:16:21,065 - [train_attntn.py:147-train_step()] - INFO - Epoch [34/50]  train_loss: 1.7499 train_acc: 0.5691
2021-05-15 14:19:00,711 - [train_attntn.py:245-train()] - INFO - Epoch [34/50] train_bleu1: 0.6726 train_bleu2: 0.4963 train_bleu3: 0.3724 train_bleu4: 0.2826 train_meteor: 0.4961869760063654val_bleu1: 0.5773 val_bleu2: 0.3679 val_bleu3: 0.2337 val_bleu4: 0.1487 val_meteor: 0.3901585871397511
2021-05-15 14:27:51,383 - [train_attntn.py:147-train_step()] - INFO - Epoch [35/50]  train_loss: 1.7278 train_acc: 0.5729
2021-05-15 14:30:50,400 - [train_attntn.py:245-train()] - INFO - Epoch [35/50] train_bleu1: 0.7128 train_bleu2: 0.5365 train_bleu3: 0.4092 train_bleu4: 0.3155 train_meteor: 0.5042540893557398val_bleu1: 0.6177 val_bleu2: 0.3988 val_bleu3: 0.2557 val_bleu4: 0.1623 val_meteor: 0.3946574626174319
2021-05-15 14:39:22,002 - [train_attntn.py:147-train_step()] - INFO - Epoch [36/50]  train_loss: 1.7082 train_acc: 0.5763
2021-05-15 14:41:50,005 - [train_attntn.py:245-train()] - INFO - Epoch [36/50] train_bleu1: 0.6860 train_bleu2: 0.5090 train_bleu3: 0.3838 train_bleu4: 0.2934 train_meteor: 0.49543451975432123val_bleu1: 0.6000 val_bleu2: 0.3825 val_bleu3: 0.2419 val_bleu4: 0.1528 val_meteor: 0.39265011825052243
2021-05-15 14:49:58,590 - [train_attntn.py:147-train_step()] - INFO - Epoch [37/50]  train_loss: 1.6925 train_acc: 0.5785
2021-05-15 14:52:20,590 - [train_attntn.py:245-train()] - INFO - Epoch [37/50] train_bleu1: 0.6853 train_bleu2: 0.5133 train_bleu3: 0.3929 train_bleu4: 0.3046 train_meteor: 0.5072021998707194val_bleu1: 0.5822 val_bleu2: 0.3689 val_bleu3: 0.2357 val_bleu4: 0.1512 val_meteor: 0.3824594024258507
2021-05-15 15:00:35,425 - [train_attntn.py:147-train_step()] - INFO - Epoch [38/50]  train_loss: 1.6706 train_acc: 0.5835
2021-05-15 15:02:56,214 - [train_attntn.py:245-train()] - INFO - Epoch [38/50] train_bleu1: 0.7106 train_bleu2: 0.5353 train_bleu3: 0.4095 train_bleu4: 0.3172 train_meteor: 0.5099758615029825val_bleu1: 0.6036 val_bleu2: 0.3885 val_bleu3: 0.2462 val_bleu4: 0.1546 val_meteor: 0.3906749866974764
2021-05-15 15:11:17,133 - [train_attntn.py:147-train_step()] - INFO - Epoch [39/50]  train_loss: 1.6551 train_acc: 0.5853
2021-05-15 15:13:43,599 - [train_attntn.py:245-train()] - INFO - Epoch [39/50] train_bleu1: 0.6958 train_bleu2: 0.5189 train_bleu3: 0.3946 train_bleu4: 0.3047 train_meteor: 0.5018733890870554val_bleu1: 0.5884 val_bleu2: 0.3743 val_bleu3: 0.2359 val_bleu4: 0.1494 val_meteor: 0.3810936388147134
2021-05-15 15:22:05,077 - [train_attntn.py:147-train_step()] - INFO - Epoch [40/50]  train_loss: 1.6401 train_acc: 0.5886
2021-05-15 15:24:26,027 - [train_attntn.py:245-train()] - INFO - Epoch [40/50] train_bleu1: 0.6931 train_bleu2: 0.5159 train_bleu3: 0.3910 train_bleu4: 0.3011 train_meteor: 0.5004427959338862val_bleu1: 0.5966 val_bleu2: 0.3828 val_bleu3: 0.2455 val_bleu4: 0.1579 val_meteor: 0.3897876450234121
2021-05-15 15:33:01,070 - [train_attntn.py:147-train_step()] - INFO - Epoch [41/50]  train_loss: 1.6240 train_acc: 0.5911
2021-05-15 15:35:21,623 - [train_attntn.py:245-train()] - INFO - Epoch [41/50] train_bleu1: 0.7158 train_bleu2: 0.5456 train_bleu3: 0.4234 train_bleu4: 0.3331 train_meteor: 0.5115869333532634val_bleu1: 0.6069 val_bleu2: 0.3903 val_bleu3: 0.2496 val_bleu4: 0.1615 val_meteor: 0.38895915305076617
2021-05-15 15:43:33,322 - [train_attntn.py:147-train_step()] - INFO - Epoch [42/50]  train_loss: 1.6041 train_acc: 0.5952
2021-05-15 15:46:02,237 - [train_attntn.py:245-train()] - INFO - Epoch [42/50] train_bleu1: 0.6678 train_bleu2: 0.4991 train_bleu3: 0.3820 train_bleu4: 0.2964 train_meteor: 0.5242134120192912val_bleu1: 0.5521 val_bleu2: 0.3438 val_bleu3: 0.2142 val_bleu4: 0.1365 val_meteor: 0.38645416305778457
2021-05-15 15:54:09,144 - [train_attntn.py:147-train_step()] - INFO - Epoch [43/50]  train_loss: 1.5888 train_acc: 0.5982
2021-05-15 15:56:32,594 - [train_attntn.py:245-train()] - INFO - Epoch [43/50] train_bleu1: 0.7111 train_bleu2: 0.5422 train_bleu3: 0.4223 train_bleu4: 0.3340 train_meteor: 0.5180825197044722val_bleu1: 0.6016 val_bleu2: 0.3880 val_bleu3: 0.2504 val_bleu4: 0.1611 val_meteor: 0.38436945789144944
2021-05-15 16:04:56,246 - [train_attntn.py:147-train_step()] - INFO - Epoch [44/50]  train_loss: 1.5740 train_acc: 0.6013
2021-05-15 16:07:17,523 - [train_attntn.py:245-train()] - INFO - Epoch [44/50] train_bleu1: 0.6777 train_bleu2: 0.5121 train_bleu3: 0.3969 train_bleu4: 0.3128 train_meteor: 0.5278170627123576val_bleu1: 0.5603 val_bleu2: 0.3536 val_bleu3: 0.2226 val_bleu4: 0.1431 val_meteor: 0.3936756742786093
2021-05-15 16:15:15,311 - [train_attntn.py:147-train_step()] - INFO - Epoch [45/50]  train_loss: 1.5614 train_acc: 0.6038
2021-05-15 16:17:35,878 - [train_attntn.py:245-train()] - INFO - Epoch [45/50] train_bleu1: 0.7103 train_bleu2: 0.5432 train_bleu3: 0.4240 train_bleu4: 0.3354 train_meteor: 0.5167027327229216val_bleu1: 0.5970 val_bleu2: 0.3835 val_bleu3: 0.2456 val_bleu4: 0.1594 val_meteor: 0.3881279563428452
2021-05-15 16:26:08,616 - [train_attntn.py:147-train_step()] - INFO - Epoch [46/50]  train_loss: 1.5445 train_acc: 0.6057
2021-05-15 16:28:43,754 - [train_attntn.py:245-train()] - INFO - Epoch [46/50] train_bleu1: 0.7070 train_bleu2: 0.5363 train_bleu3: 0.4160 train_bleu4: 0.3282 train_meteor: 0.5240923446438428val_bleu1: 0.5966 val_bleu2: 0.3812 val_bleu3: 0.2438 val_bleu4: 0.1579 val_meteor: 0.39562430322302394
2021-05-15 16:37:40,325 - [train_attntn.py:147-train_step()] - INFO - Epoch [47/50]  train_loss: 1.5324 train_acc: 0.6086
2021-05-15 16:40:27,354 - [train_attntn.py:245-train()] - INFO - Epoch [47/50] train_bleu1: 0.6724 train_bleu2: 0.5061 train_bleu3: 0.3890 train_bleu4: 0.3038 train_meteor: 0.5313048545238672val_bleu1: 0.5626 val_bleu2: 0.3572 val_bleu3: 0.2269 val_bleu4: 0.1446 val_meteor: 0.4009201199951271
2021-05-15 16:48:38,781 - [train_attntn.py:147-train_step()] - INFO - Epoch [48/50]  train_loss: 1.5187 train_acc: 0.6117
2021-05-15 16:51:07,408 - [train_attntn.py:245-train()] - INFO - Epoch [48/50] train_bleu1: 0.7242 train_bleu2: 0.5591 train_bleu3: 0.4403 train_bleu4: 0.3519 train_meteor: 0.5216301785991446val_bleu1: 0.6075 val_bleu2: 0.3888 val_bleu3: 0.2478 val_bleu4: 0.1580 val_meteor: 0.3809995231541159
2021-05-15 16:59:28,965 - [train_attntn.py:147-train_step()] - INFO - Epoch [49/50]  train_loss: 1.5044 train_acc: 0.6136
2021-05-15 17:01:59,485 - [train_attntn.py:245-train()] - INFO - Epoch [49/50] train_bleu1: 0.7311 train_bleu2: 0.5663 train_bleu3: 0.4481 train_bleu4: 0.3600 train_meteor: 0.5344452997453117val_bleu1: 0.6052 val_bleu2: 0.3879 val_bleu3: 0.2490 val_bleu4: 0.1607 val_meteor: 0.3922119907541879
2021-05-15 17:09:58,953 - [train_attntn.py:147-train_step()] - INFO - Epoch [50/50]  train_loss: 1.4923 train_acc: 0.6161
2021-05-15 17:12:14,813 - [train_attntn.py:245-train()] - INFO - Epoch [50/50] train_bleu1: 0.7186 train_bleu2: 0.5533 train_bleu3: 0.4360 train_bleu4: 0.3493 train_meteor: 0.5264906578831652val_bleu1: 0.5856 val_bleu2: 0.3686 val_bleu3: 0.2344 val_bleu4: 0.1513 val_meteor: 0.3775522744171546
